-- Install configuration: ""
-- Up-to-date: /home/valerio/RTW_my_workspace/install/my_cool_robot_description_package/share/my_cool_robot_description_package/config
-- Up-to-date: /home/valerio/RTW_my_workspace/install/my_cool_robot_description_package/share/my_cool_robot_description_package/config/.gitkeep
-- Up-to-date: /home/valerio/RTW_my_workspace/install/my_cool_robot_description_package/share/my_cool_robot_description_package/launch
-- Up-to-date: /home/valerio/RTW_my_workspace/install/my_cool_robot_description_package/share/my_cool_robot_description_package/launch/my_cool_robot_name.launch.xml
-- Up-to-date: /home/valerio/RTW_my_workspace/install/my_cool_robot_description_package/share/my_cool_robot_description_package/launch/view_my_cool_robot_name.launch.py
-- Up-to-date: /home/valerio/RTW_my_workspace/install/my_cool_robot_description_package/share/my_cool_robot_description_package/launch/view_my_cool_robot_name.launch.xml
-- Up-to-date: /home/valerio/RTW_my_workspace/install/my_cool_robot_description_package/share/my_cool_robot_description_package/meshes
-- Up-to-date: /home/valerio/RTW_my_workspace/install/my_cool_robot_description_package/share/my_cool_robot_description_package/meshes/my_cool_robot_name
-- Up-to-date: /home/valerio/RTW_my_workspace/install/my_cool_robot_description_package/share/my_cool_robot_description_package/meshes/my_cool_robot_name/visual
-- Up-to-date: /home/valerio/RTW_my_workspace/install/my_cool_robot_description_package/share/my_cool_robot_description_package/meshes/my_cool_robot_name/visual/.gitkeep
-- Up-to-date: /home/valerio/RTW_my_workspace/install/my_cool_robot_description_package/share/my_cool_robot_description_package/meshes/my_cool_robot_name/collision
-- Up-to-date: /home/valerio/RTW_my_workspace/install/my_cool_robot_description_package/share/my_cool_robot_description_package/meshes/my_cool_robot_name/collision/.gitkeep
-- Up-to-date: /home/valerio/RTW_my_workspace/install/my_cool_robot_description_package/share/my_cool_robot_description_package/rviz
-- Up-to-date: /home/valerio/RTW_my_workspace/install/my_cool_robot_description_package/share/my_cool_robot_description_package/rviz/my_cool_robot_name.rviz
-- Up-to-date: /home/valerio/RTW_my_workspace/install/my_cool_robot_description_package/share/my_cool_robot_description_package/urdf
-- Up-to-date: /home/valerio/RTW_my_workspace/install/my_cool_robot_description_package/share/my_cool_robot_description_package/urdf/my_cool_robot_name.urdf.xacro
-- Up-to-date: /home/valerio/RTW_my_workspace/install/my_cool_robot_description_package/share/my_cool_robot_description_package/urdf/common
-- Up-to-date: /home/valerio/RTW_my_workspace/install/my_cool_robot_description_package/share/my_cool_robot_description_package/urdf/common/materials.xacro
-- Up-to-date: /home/valerio/RTW_my_workspace/install/my_cool_robot_description_package/share/my_cool_robot_description_package/urdf/common/inertials.xacro
-- Up-to-date: /home/valerio/RTW_my_workspace/install/my_cool_robot_description_package/share/my_cool_robot_description_package/urdf/my_cool_robot_name
-- Up-to-date: /home/valerio/RTW_my_workspace/install/my_cool_robot_description_package/share/my_cool_robot_description_package/urdf/my_cool_robot_name/my_cool_robot_name_macro.xacro
-- Up-to-date: /home/valerio/RTW_my_workspace/install/my_cool_robot_description_package/share/my_cool_robot_description_package/urdf/my_cool_robot_name/my_cool_robot_name_macro.ros2_control.xacro
-- Up-to-date: /home/valerio/RTW_my_workspace/install/my_cool_robot_description_package/share/my_cool_robot_description_package/test
-- Up-to-date: /home/valerio/RTW_my_workspace/install/my_cool_robot_description_package/share/my_cool_robot_description_package/test/my_cool_robot_name_test_urdf_xacro.py
-- Up-to-date: /home/valerio/RTW_my_workspace/install/my_cool_robot_description_package/share/my_cool_robot_description_package/config
-- Up-to-date: /home/valerio/RTW_my_workspace/install/my_cool_robot_description_package/share/my_cool_robot_description_package/config/.gitkeep
-- Up-to-date: /home/valerio/RTW_my_workspace/install/my_cool_robot_description_package/share/my_cool_robot_description_package/launch
-- Up-to-date: /home/valerio/RTW_my_workspace/install/my_cool_robot_description_package/share/my_cool_robot_description_package/launch/my_cool_robot_name.launch.xml
-- Up-to-date: /home/valerio/RTW_my_workspace/install/my_cool_robot_description_package/share/my_cool_robot_description_package/launch/view_my_cool_robot_name.launch.py
-- Up-to-date: /home/valerio/RTW_my_workspace/install/my_cool_robot_description_package/share/my_cool_robot_description_package/launch/view_my_cool_robot_name.launch.xml
-- Up-to-date: /home/valerio/RTW_my_workspace/install/my_cool_robot_description_package/share/my_cool_robot_description_package/meshes
-- Up-to-date: /home/valerio/RTW_my_workspace/install/my_cool_robot_description_package/share/my_cool_robot_description_package/meshes/my_cool_robot_name
-- Up-to-date: /home/valerio/RTW_my_workspace/install/my_cool_robot_description_package/share/my_cool_robot_description_package/meshes/my_cool_robot_name/visual
-- Up-to-date: /home/valerio/RTW_my_workspace/install/my_cool_robot_description_package/share/my_cool_robot_description_package/meshes/my_cool_robot_name/visual/.gitkeep
-- Up-to-date: /home/valerio/RTW_my_workspace/install/my_cool_robot_description_package/share/my_cool_robot_description_package/meshes/my_cool_robot_name/collision
-- Up-to-date: /home/valerio/RTW_my_workspace/install/my_cool_robot_description_package/share/my_cool_robot_description_package/meshes/my_cool_robot_name/collision/.gitkeep
-- Up-to-date: /home/valerio/RTW_my_workspace/install/my_cool_robot_description_package/share/my_cool_robot_description_package/rviz
-- Up-to-date: /home/valerio/RTW_my_workspace/install/my_cool_robot_description_package/share/my_cool_robot_description_package/rviz/my_cool_robot_name.rviz
-- Up-to-date: /home/valerio/RTW_my_workspace/install/my_cool_robot_description_package/share/my_cool_robot_description_package/urdf
-- Up-to-date: /home/valerio/RTW_my_workspace/install/my_cool_robot_description_package/share/my_cool_robot_description_package/urdf/my_cool_robot_name.urdf.xacro
-- Up-to-date: /home/valerio/RTW_my_workspace/install/my_cool_robot_description_package/share/my_cool_robot_description_package/urdf/common
-- Up-to-date: /home/valerio/RTW_my_workspace/install/my_cool_robot_description_package/share/my_cool_robot_description_package/urdf/common/materials.xacro
-- Up-to-date: /home/valerio/RTW_my_workspace/install/my_cool_robot_description_package/share/my_cool_robot_description_package/urdf/common/inertials.xacro
-- Up-to-date: /home/valerio/RTW_my_workspace/install/my_cool_robot_description_package/share/my_cool_robot_description_package/urdf/my_cool_robot_name
-- Up-to-date: /home/valerio/RTW_my_workspace/install/my_cool_robot_description_package/share/my_cool_robot_description_package/urdf/my_cool_robot_name/my_cool_robot_name_macro.xacro
-- Up-to-date: /home/valerio/RTW_my_workspace/install/my_cool_robot_description_package/share/my_cool_robot_description_package/urdf/my_cool_robot_name/my_cool_robot_name_macro.ros2_control.xacro
-- Up-to-date: /home/valerio/RTW_my_workspace/install/my_cool_robot_description_package/share/my_cool_robot_description_package/test
-- Up-to-date: /home/valerio/RTW_my_workspace/install/my_cool_robot_description_package/share/my_cool_robot_description_package/test/my_cool_robot_name_test_urdf_xacro.py
-- Up-to-date: /home/valerio/RTW_my_workspace/install/my_cool_robot_description_package/share/my_cool_robot_description_package/config
-- Up-to-date: /home/valerio/RTW_my_workspace/install/my_cool_robot_description_package/share/my_cool_robot_description_package/config/.gitkeep
-- Up-to-date: /home/valerio/RTW_my_workspace/install/my_cool_robot_description_package/share/my_cool_robot_description_package/launch
-- Up-to-date: /home/valerio/RTW_my_workspace/install/my_cool_robot_description_package/share/my_cool_robot_description_package/launch/my_cool_robot_name.launch.xml
-- Up-to-date: /home/valerio/RTW_my_workspace/install/my_cool_robot_description_package/share/my_cool_robot_description_package/launch/view_my_cool_robot_name.launch.py
-- Up-to-date: /home/valerio/RTW_my_workspace/install/my_cool_robot_description_package/share/my_cool_robot_description_package/launch/view_my_cool_robot_name.launch.xml
-- Up-to-date: /home/valerio/RTW_my_workspace/install/my_cool_robot_description_package/share/my_cool_robot_description_package/meshes
-- Up-to-date: /home/valerio/RTW_my_workspace/install/my_cool_robot_description_package/share/my_cool_robot_description_package/meshes/my_cool_robot_name
-- Up-to-date: /home/valerio/RTW_my_workspace/install/my_cool_robot_description_package/share/my_cool_robot_description_package/meshes/my_cool_robot_name/visual
-- Up-to-date: /home/valerio/RTW_my_workspace/install/my_cool_robot_description_package/share/my_cool_robot_description_package/meshes/my_cool_robot_name/visual/.gitkeep
-- Up-to-date: /home/valerio/RTW_my_workspace/install/my_cool_robot_description_package/share/my_cool_robot_description_package/meshes/my_cool_robot_name/collision
-- Up-to-date: /home/valerio/RTW_my_workspace/install/my_cool_robot_description_package/share/my_cool_robot_description_package/meshes/my_cool_robot_name/collision/.gitkeep
-- Up-to-date: /home/valerio/RTW_my_workspace/install/my_cool_robot_description_package/share/my_cool_robot_description_package/rviz
-- Up-to-date: /home/valerio/RTW_my_workspace/install/my_cool_robot_description_package/share/my_cool_robot_description_package/rviz/my_cool_robot_name.rviz
-- Up-to-date: /home/valerio/RTW_my_workspace/install/my_cool_robot_description_package/share/my_cool_robot_description_package/urdf
-- Up-to-date: /home/valerio/RTW_my_workspace/install/my_cool_robot_description_package/share/my_cool_robot_description_package/urdf/my_cool_robot_name.urdf.xacro
-- Up-to-date: /home/valerio/RTW_my_workspace/install/my_cool_robot_description_package/share/my_cool_robot_description_package/urdf/common
-- Up-to-date: /home/valerio/RTW_my_workspace/install/my_cool_robot_description_package/share/my_cool_robot_description_package/urdf/common/materials.xacro
-- Up-to-date: /home/valerio/RTW_my_workspace/install/my_cool_robot_description_package/share/my_cool_robot_description_package/urdf/common/inertials.xacro
-- Up-to-date: /home/valerio/RTW_my_workspace/install/my_cool_robot_description_package/share/my_cool_robot_description_package/urdf/my_cool_robot_name
-- Up-to-date: /home/valerio/RTW_my_workspace/install/my_cool_robot_description_package/share/my_cool_robot_description_package/urdf/my_cool_robot_name/my_cool_robot_name_macro.xacro
-- Up-to-date: /home/valerio/RTW_my_workspace/install/my_cool_robot_description_package/share/my_cool_robot_description_package/urdf/my_cool_robot_name/my_cool_robot_name_macro.ros2_control.xacro
-- Up-to-date: /home/valerio/RTW_my_workspace/install/my_cool_robot_description_package/share/my_cool_robot_description_package/test
-- Up-to-date: /home/valerio/RTW_my_workspace/install/my_cool_robot_description_package/share/my_cool_robot_description_package/test/my_cool_robot_name_test_urdf_xacro.py
-- Up-to-date: /home/valerio/RTW_my_workspace/install/my_cool_robot_description_package/share/my_cool_robot_description_package/config
-- Up-to-date: /home/valerio/RTW_my_workspace/install/my_cool_robot_description_package/share/my_cool_robot_description_package/config/.gitkeep
-- Up-to-date: /home/valerio/RTW_my_workspace/install/my_cool_robot_description_package/share/my_cool_robot_description_package/launch
-- Up-to-date: /home/valerio/RTW_my_workspace/install/my_cool_robot_description_package/share/my_cool_robot_description_package/launch/my_cool_robot_name.launch.xml
-- Up-to-date: /home/valerio/RTW_my_workspace/install/my_cool_robot_description_package/share/my_cool_robot_description_package/launch/view_my_cool_robot_name.launch.py
-- Up-to-date: /home/valerio/RTW_my_workspace/install/my_cool_robot_description_package/share/my_cool_robot_description_package/launch/view_my_cool_robot_name.launch.xml
-- Up-to-date: /home/valerio/RTW_my_workspace/install/my_cool_robot_description_package/share/my_cool_robot_description_package/meshes
-- Up-to-date: /home/valerio/RTW_my_workspace/install/my_cool_robot_description_package/share/my_cool_robot_description_package/meshes/my_cool_robot_name
-- Up-to-date: /home/valerio/RTW_my_workspace/install/my_cool_robot_description_package/share/my_cool_robot_description_package/meshes/my_cool_robot_name/visual
-- Up-to-date: /home/valerio/RTW_my_workspace/install/my_cool_robot_description_package/share/my_cool_robot_description_package/meshes/my_cool_robot_name/visual/.gitkeep
-- Up-to-date: /home/valerio/RTW_my_workspace/install/my_cool_robot_description_package/share/my_cool_robot_description_package/meshes/my_cool_robot_name/collision
-- Up-to-date: /home/valerio/RTW_my_workspace/install/my_cool_robot_description_package/share/my_cool_robot_description_package/meshes/my_cool_robot_name/collision/.gitkeep
-- Up-to-date: /home/valerio/RTW_my_workspace/install/my_cool_robot_description_package/share/my_cool_robot_description_package/rviz
-- Up-to-date: /home/valerio/RTW_my_workspace/install/my_cool_robot_description_package/share/my_cool_robot_description_package/rviz/my_cool_robot_name.rviz
-- Up-to-date: /home/valerio/RTW_my_workspace/install/my_cool_robot_description_package/share/my_cool_robot_description_package/urdf
-- Up-to-date: /home/valerio/RTW_my_workspace/install/my_cool_robot_description_package/share/my_cool_robot_description_package/urdf/my_cool_robot_name.urdf.xacro
-- Up-to-date: /home/valerio/RTW_my_workspace/install/my_cool_robot_description_package/share/my_cool_robot_description_package/urdf/common
-- Up-to-date: /home/valerio/RTW_my_workspace/install/my_cool_robot_description_package/share/my_cool_robot_description_package/urdf/common/materials.xacro
-- Up-to-date: /home/valerio/RTW_my_workspace/install/my_cool_robot_description_package/share/my_cool_robot_description_package/urdf/common/inertials.xacro
-- Up-to-date: /home/valerio/RTW_my_workspace/install/my_cool_robot_description_package/share/my_cool_robot_description_package/urdf/my_cool_robot_name
-- Up-to-date: /home/valerio/RTW_my_workspace/install/my_cool_robot_description_package/share/my_cool_robot_description_package/urdf/my_cool_robot_name/my_cool_robot_name_macro.xacro
-- Up-to-date: /home/valerio/RTW_my_workspace/install/my_cool_robot_description_package/share/my_cool_robot_description_package/urdf/my_cool_robot_name/my_cool_robot_name_macro.ros2_control.xacro
-- Up-to-date: /home/valerio/RTW_my_workspace/install/my_cool_robot_description_package/share/my_cool_robot_description_package/test
-- Up-to-date: /home/valerio/RTW_my_workspace/install/my_cool_robot_description_package/share/my_cool_robot_description_package/test/my_cool_robot_name_test_urdf_xacro.py
-- Up-to-date: /home/valerio/RTW_my_workspace/install/my_cool_robot_description_package/share/ament_index/resource_index/package_run_dependencies/my_cool_robot_description_package
-- Up-to-date: /home/valerio/RTW_my_workspace/install/my_cool_robot_description_package/share/ament_index/resource_index/parent_prefix_path/my_cool_robot_description_package
-- Up-to-date: /home/valerio/RTW_my_workspace/install/my_cool_robot_description_package/share/my_cool_robot_description_package/environment/ament_prefix_path.sh
-- Up-to-date: /home/valerio/RTW_my_workspace/install/my_cool_robot_description_package/share/my_cool_robot_description_package/environment/ament_prefix_path.dsv
-- Up-to-date: /home/valerio/RTW_my_workspace/install/my_cool_robot_description_package/share/my_cool_robot_description_package/environment/path.sh
-- Up-to-date: /home/valerio/RTW_my_workspace/install/my_cool_robot_description_package/share/my_cool_robot_description_package/environment/path.dsv
-- Up-to-date: /home/valerio/RTW_my_workspace/install/my_cool_robot_description_package/share/my_cool_robot_description_package/local_setup.bash
-- Up-to-date: /home/valerio/RTW_my_workspace/install/my_cool_robot_description_package/share/my_cool_robot_description_package/local_setup.sh
-- Up-to-date: /home/valerio/RTW_my_workspace/install/my_cool_robot_description_package/share/my_cool_robot_description_package/local_setup.zsh
-- Up-to-date: /home/valerio/RTW_my_workspace/install/my_cool_robot_description_package/share/my_cool_robot_description_package/local_setup.dsv
-- Installing: /home/valerio/RTW_my_workspace/install/my_cool_robot_description_package/share/my_cool_robot_description_package/package.dsv
-- Up-to-date: /home/valerio/RTW_my_workspace/install/my_cool_robot_description_package/share/ament_index/resource_index/packages/my_cool_robot_description_package
-- Up-to-date: /home/valerio/RTW_my_workspace/install/my_cool_robot_description_package/share/my_cool_robot_description_package/cmake/my_cool_robot_description_packageConfig.cmake
-- Up-to-date: /home/valerio/RTW_my_workspace/install/my_cool_robot_description_package/share/my_cool_robot_description_package/cmake/my_cool_robot_description_packageConfig-version.cmake
-- Up-to-date: /home/valerio/RTW_my_workspace/install/my_cool_robot_description_package/share/my_cool_robot_description_package/package.xml
