[0.012s] Invoking command in '/home/valerio/RTW_my_workspace/build/my_cool_robot_description_package': CMAKE_PREFIX_PATH=${CMAKE_PREFIX_PATH}:/home/valerio/ros2_ws/install/my_robot_controller:/home/valerio/ws_moveit/install/moveit_configs_utils:/opt/ros/humble PS1=\[\e]0;$(parse_ros_workspace)\a\]\[\e[1;32m\]\u\[\[\e[0;37m\]@\[\[\e[0;33m\]\h\[\[\e[1;33m\]${text}\[\[\e[0;37m\]:\[$(set_ros_workspace_color)\]$(parse_ros_workspace)\[\[\e[0;32m\]$(parse_git_bracket)\[$(set_git_color)\]$(get_gitbranch)\[\e[0;32m\]>\[\e[1;35m\]\W\[\[\e[1;35m\]$\[\[\e[0m\]\[\e[m\] /usr/bin/cmake --build /home/valerio/RTW_my_workspace/build/my_cool_robot_description_package -- -j32 -l32
[0.049s] Invoked command in '/home/valerio/RTW_my_workspace/build/my_cool_robot_description_package' returned '0': CMAKE_PREFIX_PATH=${CMAKE_PREFIX_PATH}:/home/valerio/ros2_ws/install/my_robot_controller:/home/valerio/ws_moveit/install/moveit_configs_utils:/opt/ros/humble PS1=\[\e]0;$(parse_ros_workspace)\a\]\[\e[1;32m\]\u\[\[\e[0;37m\]@\[\[\e[0;33m\]\h\[\[\e[1;33m\]${text}\[\[\e[0;37m\]:\[$(set_ros_workspace_color)\]$(parse_ros_workspace)\[\[\e[0;32m\]$(parse_git_bracket)\[$(set_git_color)\]$(get_gitbranch)\[\e[0;32m\]>\[\e[1;35m\]\W\[\[\e[1;35m\]$\[\[\e[0m\]\[\e[m\] /usr/bin/cmake --build /home/valerio/RTW_my_workspace/build/my_cool_robot_description_package -- -j32 -l32
[0.060s] Invoking command in '/home/valerio/RTW_my_workspace/build/my_cool_robot_description_package': CMAKE_PREFIX_PATH=${CMAKE_PREFIX_PATH}:/home/valerio/ros2_ws/install/my_robot_controller:/home/valerio/ws_moveit/install/moveit_configs_utils:/opt/ros/humble PS1=\[\e]0;$(parse_ros_workspace)\a\]\[\e[1;32m\]\u\[\[\e[0;37m\]@\[\[\e[0;33m\]\h\[\[\e[1;33m\]${text}\[\[\e[0;37m\]:\[$(set_ros_workspace_color)\]$(parse_ros_workspace)\[\[\e[0;32m\]$(parse_git_bracket)\[$(set_git_color)\]$(get_gitbranch)\[\e[0;32m\]>\[\e[1;35m\]\W\[\[\e[1;35m\]$\[\[\e[0m\]\[\e[m\] /usr/bin/cmake --install /home/valerio/RTW_my_workspace/build/my_cool_robot_description_package
[0.067s] -- Install configuration: ""
[0.068s] -- Up-to-date: /home/valerio/RTW_my_workspace/install/my_cool_robot_description_package/share/my_cool_robot_description_package/config
[0.068s] -- Up-to-date: /home/valerio/RTW_my_workspace/install/my_cool_robot_description_package/share/my_cool_robot_description_package/config/.gitkeep
[0.068s] -- Up-to-date: /home/valerio/RTW_my_workspace/install/my_cool_robot_description_package/share/my_cool_robot_description_package/launch
[0.068s] -- Up-to-date: /home/valerio/RTW_my_workspace/install/my_cool_robot_description_package/share/my_cool_robot_description_package/launch/my_cool_robot_name.launch.xml
[0.068s] -- Up-to-date: /home/valerio/RTW_my_workspace/install/my_cool_robot_description_package/share/my_cool_robot_description_package/launch/view_my_cool_robot_name.launch.py
[0.068s] -- Up-to-date: /home/valerio/RTW_my_workspace/install/my_cool_robot_description_package/share/my_cool_robot_description_package/launch/view_my_cool_robot_name.launch.xml
[0.068s] -- Up-to-date: /home/valerio/RTW_my_workspace/install/my_cool_robot_description_package/share/my_cool_robot_description_package/meshes
[0.068s] -- Up-to-date: /home/valerio/RTW_my_workspace/install/my_cool_robot_description_package/share/my_cool_robot_description_package/meshes/my_cool_robot_name
[0.068s] -- Up-to-date: /home/valerio/RTW_my_workspace/install/my_cool_robot_description_package/share/my_cool_robot_description_package/meshes/my_cool_robot_name/visual
[0.068s] -- Up-to-date: /home/valerio/RTW_my_workspace/install/my_cool_robot_description_package/share/my_cool_robot_description_package/meshes/my_cool_robot_name/visual/.gitkeep
[0.068s] -- Up-to-date: /home/valerio/RTW_my_workspace/install/my_cool_robot_description_package/share/my_cool_robot_description_package/meshes/my_cool_robot_name/collision
[0.068s] -- Up-to-date: /home/valerio/RTW_my_workspace/install/my_cool_robot_description_package/share/my_cool_robot_description_package/meshes/my_cool_robot_name/collision/.gitkeep
[0.068s] -- Up-to-date: /home/valerio/RTW_my_workspace/install/my_cool_robot_description_package/share/my_cool_robot_description_package/rviz
[0.068s] -- Up-to-date: /home/valerio/RTW_my_workspace/install/my_cool_robot_description_package/share/my_cool_robot_description_package/rviz/my_cool_robot_name.rviz
[0.068s] -- Up-to-date: /home/valerio/RTW_my_workspace/install/my_cool_robot_description_package/share/my_cool_robot_description_package/urdf
[0.068s] -- Up-to-date: /home/valerio/RTW_my_workspace/install/my_cool_robot_description_package/share/my_cool_robot_description_package/urdf/my_cool_robot_name.urdf.xacro
[0.068s] -- Up-to-date: /home/valerio/RTW_my_workspace/install/my_cool_robot_description_package/share/my_cool_robot_description_package/urdf/common
[0.068s] -- Up-to-date: /home/valerio/RTW_my_workspace/install/my_cool_robot_description_package/share/my_cool_robot_description_package/urdf/common/materials.xacro
[0.068s] -- Up-to-date: /home/valerio/RTW_my_workspace/install/my_cool_robot_description_package/share/my_cool_robot_description_package/urdf/common/inertials.xacro
[0.068s] -- Up-to-date: /home/valerio/RTW_my_workspace/install/my_cool_robot_description_package/share/my_cool_robot_description_package/urdf/my_cool_robot_name
[0.068s] -- Up-to-date: /home/valerio/RTW_my_workspace/install/my_cool_robot_description_package/share/my_cool_robot_description_package/urdf/my_cool_robot_name/my_cool_robot_name_macro.xacro
[0.068s] -- Up-to-date: /home/valerio/RTW_my_workspace/install/my_cool_robot_description_package/share/my_cool_robot_description_package/urdf/my_cool_robot_name/my_cool_robot_name_macro.ros2_control.xacro
[0.068s] -- Up-to-date: /home/valerio/RTW_my_workspace/install/my_cool_robot_description_package/share/my_cool_robot_description_package/test
[0.068s] -- Up-to-date: /home/valerio/RTW_my_workspace/install/my_cool_robot_description_package/share/my_cool_robot_description_package/test/my_cool_robot_name_test_urdf_xacro.py
[0.068s] -- Up-to-date: /home/valerio/RTW_my_workspace/install/my_cool_robot_description_package/share/my_cool_robot_description_package/config
[0.068s] -- Up-to-date: /home/valerio/RTW_my_workspace/install/my_cool_robot_description_package/share/my_cool_robot_description_package/config/.gitkeep
[0.069s] -- Up-to-date: /home/valerio/RTW_my_workspace/install/my_cool_robot_description_package/share/my_cool_robot_description_package/launch
[0.069s] -- Up-to-date: /home/valerio/RTW_my_workspace/install/my_cool_robot_description_package/share/my_cool_robot_description_package/launch/my_cool_robot_name.launch.xml
[0.069s] -- Up-to-date: /home/valerio/RTW_my_workspace/install/my_cool_robot_description_package/share/my_cool_robot_description_package/launch/view_my_cool_robot_name.launch.py
[0.069s] -- Up-to-date: /home/valerio/RTW_my_workspace/install/my_cool_robot_description_package/share/my_cool_robot_description_package/launch/view_my_cool_robot_name.launch.xml
[0.069s] -- Up-to-date: /home/valerio/RTW_my_workspace/install/my_cool_robot_description_package/share/my_cool_robot_description_package/meshes
[0.069s] -- Up-to-date: /home/valerio/RTW_my_workspace/install/my_cool_robot_description_package/share/my_cool_robot_description_package/meshes/my_cool_robot_name
[0.069s] -- Up-to-date: /home/valerio/RTW_my_workspace/install/my_cool_robot_description_package/share/my_cool_robot_description_package/meshes/my_cool_robot_name/visual
[0.069s] -- Up-to-date: /home/valerio/RTW_my_workspace/install/my_cool_robot_description_package/share/my_cool_robot_description_package/meshes/my_cool_robot_name/visual/.gitkeep
[0.069s] -- Up-to-date: /home/valerio/RTW_my_workspace/install/my_cool_robot_description_package/share/my_cool_robot_description_package/meshes/my_cool_robot_name/collision
[0.069s] -- Up-to-date: /home/valerio/RTW_my_workspace/install/my_cool_robot_description_package/share/my_cool_robot_description_package/meshes/my_cool_robot_name/collision/.gitkeep
[0.069s] -- Up-to-date: /home/valerio/RTW_my_workspace/install/my_cool_robot_description_package/share/my_cool_robot_description_package/rviz
[0.069s] -- Up-to-date: /home/valerio/RTW_my_workspace/install/my_cool_robot_description_package/share/my_cool_robot_description_package/rviz/my_cool_robot_name.rviz
[0.069s] -- Up-to-date: /home/valerio/RTW_my_workspace/install/my_cool_robot_description_package/share/my_cool_robot_description_package/urdf
[0.069s] -- Up-to-date: /home/valerio/RTW_my_workspace/install/my_cool_robot_description_package/share/my_cool_robot_description_package/urdf/my_cool_robot_name.urdf.xacro
[0.069s] -- Up-to-date: /home/valerio/RTW_my_workspace/install/my_cool_robot_description_package/share/my_cool_robot_description_package/urdf/common
[0.069s] -- Up-to-date: /home/valerio/RTW_my_workspace/install/my_cool_robot_description_package/share/my_cool_robot_description_package/urdf/common/materials.xacro
[0.069s] -- Up-to-date: /home/valerio/RTW_my_workspace/install/my_cool_robot_description_package/share/my_cool_robot_description_package/urdf/common/inertials.xacro
[0.069s] -- Up-to-date: /home/valerio/RTW_my_workspace/install/my_cool_robot_description_package/share/my_cool_robot_description_package/urdf/my_cool_robot_name
[0.069s] -- Up-to-date: /home/valerio/RTW_my_workspace/install/my_cool_robot_description_package/share/my_cool_robot_description_package/urdf/my_cool_robot_name/my_cool_robot_name_macro.xacro
[0.069s] -- Up-to-date: /home/valerio/RTW_my_workspace/install/my_cool_robot_description_package/share/my_cool_robot_description_package/urdf/my_cool_robot_name/my_cool_robot_name_macro.ros2_control.xacro
[0.069s] -- Up-to-date: /home/valerio/RTW_my_workspace/install/my_cool_robot_description_package/share/my_cool_robot_description_package/test
[0.069s] -- Up-to-date: /home/valerio/RTW_my_workspace/install/my_cool_robot_description_package/share/my_cool_robot_description_package/test/my_cool_robot_name_test_urdf_xacro.py
[0.069s] -- Up-to-date: /home/valerio/RTW_my_workspace/install/my_cool_robot_description_package/share/my_cool_robot_description_package/config
[0.069s] -- Up-to-date: /home/valerio/RTW_my_workspace/install/my_cool_robot_description_package/share/my_cool_robot_description_package/config/.gitkeep
[0.069s] -- Up-to-date: /home/valerio/RTW_my_workspace/install/my_cool_robot_description_package/share/my_cool_robot_description_package/launch
[0.069s] -- Up-to-date: /home/valerio/RTW_my_workspace/install/my_cool_robot_description_package/share/my_cool_robot_description_package/launch/my_cool_robot_name.launch.xml
[0.069s] -- Up-to-date: /home/valerio/RTW_my_workspace/install/my_cool_robot_description_package/share/my_cool_robot_description_package/launch/view_my_cool_robot_name.launch.py
[0.070s] -- Up-to-date: /home/valerio/RTW_my_workspace/install/my_cool_robot_description_package/share/my_cool_robot_description_package/launch/view_my_cool_robot_name.launch.xml
[0.070s] -- Up-to-date: /home/valerio/RTW_my_workspace/install/my_cool_robot_description_package/share/my_cool_robot_description_package/meshes
[0.070s] -- Up-to-date: /home/valerio/RTW_my_workspace/install/my_cool_robot_description_package/share/my_cool_robot_description_package/meshes/my_cool_robot_name
[0.070s] -- Up-to-date: /home/valerio/RTW_my_workspace/install/my_cool_robot_description_package/share/my_cool_robot_description_package/meshes/my_cool_robot_name/visual
[0.070s] -- Up-to-date: /home/valerio/RTW_my_workspace/install/my_cool_robot_description_package/share/my_cool_robot_description_package/meshes/my_cool_robot_name/visual/.gitkeep
[0.070s] -- Up-to-date: /home/valerio/RTW_my_workspace/install/my_cool_robot_description_package/share/my_cool_robot_description_package/meshes/my_cool_robot_name/collision
[0.070s] -- Up-to-date: /home/valerio/RTW_my_workspace/install/my_cool_robot_description_package/share/my_cool_robot_description_package/meshes/my_cool_robot_name/collision/.gitkeep
[0.070s] -- Up-to-date: /home/valerio/RTW_my_workspace/install/my_cool_robot_description_package/share/my_cool_robot_description_package/rviz
[0.070s] -- Up-to-date: /home/valerio/RTW_my_workspace/install/my_cool_robot_description_package/share/my_cool_robot_description_package/rviz/my_cool_robot_name.rviz
[0.070s] -- Up-to-date: /home/valerio/RTW_my_workspace/install/my_cool_robot_description_package/share/my_cool_robot_description_package/urdf
[0.070s] -- Up-to-date: /home/valerio/RTW_my_workspace/install/my_cool_robot_description_package/share/my_cool_robot_description_package/urdf/my_cool_robot_name.urdf.xacro
[0.070s] -- Up-to-date: /home/valerio/RTW_my_workspace/install/my_cool_robot_description_package/share/my_cool_robot_description_package/urdf/common
[0.070s] -- Up-to-date: /home/valerio/RTW_my_workspace/install/my_cool_robot_description_package/share/my_cool_robot_description_package/urdf/common/materials.xacro
[0.070s] -- Up-to-date: /home/valerio/RTW_my_workspace/install/my_cool_robot_description_package/share/my_cool_robot_description_package/urdf/common/inertials.xacro
[0.070s] -- Up-to-date: /home/valerio/RTW_my_workspace/install/my_cool_robot_description_package/share/my_cool_robot_description_package/urdf/my_cool_robot_name
[0.070s] -- Up-to-date: /home/valerio/RTW_my_workspace/install/my_cool_robot_description_package/share/my_cool_robot_description_package/urdf/my_cool_robot_name/my_cool_robot_name_macro.xacro
[0.070s] -- Up-to-date: /home/valerio/RTW_my_workspace/install/my_cool_robot_description_package/share/my_cool_robot_description_package/urdf/my_cool_robot_name/my_cool_robot_name_macro.ros2_control.xacro
[0.070s] -- Up-to-date: /home/valerio/RTW_my_workspace/install/my_cool_robot_description_package/share/my_cool_robot_description_package/test
[0.070s] -- Up-to-date: /home/valerio/RTW_my_workspace/install/my_cool_robot_description_package/share/my_cool_robot_description_package/test/my_cool_robot_name_test_urdf_xacro.py
[0.070s] -- Up-to-date: /home/valerio/RTW_my_workspace/install/my_cool_robot_description_package/share/my_cool_robot_description_package/config
[0.070s] -- Up-to-date: /home/valerio/RTW_my_workspace/install/my_cool_robot_description_package/share/my_cool_robot_description_package/config/.gitkeep
[0.070s] -- Up-to-date: /home/valerio/RTW_my_workspace/install/my_cool_robot_description_package/share/my_cool_robot_description_package/launch
[0.070s] -- Up-to-date: /home/valerio/RTW_my_workspace/install/my_cool_robot_description_package/share/my_cool_robot_description_package/launch/my_cool_robot_name.launch.xml
[0.070s] -- Up-to-date: /home/valerio/RTW_my_workspace/install/my_cool_robot_description_package/share/my_cool_robot_description_package/launch/view_my_cool_robot_name.launch.py
[0.070s] -- Up-to-date: /home/valerio/RTW_my_workspace/install/my_cool_robot_description_package/share/my_cool_robot_description_package/launch/view_my_cool_robot_name.launch.xml
[0.070s] -- Up-to-date: /home/valerio/RTW_my_workspace/install/my_cool_robot_description_package/share/my_cool_robot_description_package/meshes
[0.070s] -- Up-to-date: /home/valerio/RTW_my_workspace/install/my_cool_robot_description_package/share/my_cool_robot_description_package/meshes/my_cool_robot_name
[0.070s] -- Up-to-date: /home/valerio/RTW_my_workspace/install/my_cool_robot_description_package/share/my_cool_robot_description_package/meshes/my_cool_robot_name/visual
[0.070s] -- Up-to-date: /home/valerio/RTW_my_workspace/install/my_cool_robot_description_package/share/my_cool_robot_description_package/meshes/my_cool_robot_name/visual/.gitkeep
[0.070s] -- Up-to-date: /home/valerio/RTW_my_workspace/install/my_cool_robot_description_package/share/my_cool_robot_description_package/meshes/my_cool_robot_name/collision
[0.070s] -- Up-to-date: /home/valerio/RTW_my_workspace/install/my_cool_robot_description_package/share/my_cool_robot_description_package/meshes/my_cool_robot_name/collision/.gitkeep
[0.070s] -- Up-to-date: /home/valerio/RTW_my_workspace/install/my_cool_robot_description_package/share/my_cool_robot_description_package/rviz
[0.070s] -- Up-to-date: /home/valerio/RTW_my_workspace/install/my_cool_robot_description_package/share/my_cool_robot_description_package/rviz/my_cool_robot_name.rviz
[0.070s] -- Up-to-date: /home/valerio/RTW_my_workspace/install/my_cool_robot_description_package/share/my_cool_robot_description_package/urdf
[0.070s] -- Up-to-date: /home/valerio/RTW_my_workspace/install/my_cool_robot_description_package/share/my_cool_robot_description_package/urdf/my_cool_robot_name.urdf.xacro
[0.070s] -- Up-to-date: /home/valerio/RTW_my_workspace/install/my_cool_robot_description_package/share/my_cool_robot_description_package/urdf/common
[0.070s] -- Up-to-date: /home/valerio/RTW_my_workspace/install/my_cool_robot_description_package/share/my_cool_robot_description_package/urdf/common/materials.xacro
[0.070s] -- Up-to-date: /home/valerio/RTW_my_workspace/install/my_cool_robot_description_package/share/my_cool_robot_description_package/urdf/common/inertials.xacro
[0.070s] -- Up-to-date: /home/valerio/RTW_my_workspace/install/my_cool_robot_description_package/share/my_cool_robot_description_package/urdf/my_cool_robot_name
[0.071s] -- Up-to-date: /home/valerio/RTW_my_workspace/install/my_cool_robot_description_package/share/my_cool_robot_description_package/urdf/my_cool_robot_name/my_cool_robot_name_macro.xacro
[0.071s] -- Up-to-date: /home/valerio/RTW_my_workspace/install/my_cool_robot_description_package/share/my_cool_robot_description_package/urdf/my_cool_robot_name/my_cool_robot_name_macro.ros2_control.xacro
[0.071s] -- Up-to-date: /home/valerio/RTW_my_workspace/install/my_cool_robot_description_package/share/my_cool_robot_description_package/test
[0.071s] -- Up-to-date: /home/valerio/RTW_my_workspace/install/my_cool_robot_description_package/share/my_cool_robot_description_package/test/my_cool_robot_name_test_urdf_xacro.py
[0.071s] -- Up-to-date: /home/valerio/RTW_my_workspace/install/my_cool_robot_description_package/share/ament_index/resource_index/package_run_dependencies/my_cool_robot_description_package
[0.071s] -- Up-to-date: /home/valerio/RTW_my_workspace/install/my_cool_robot_description_package/share/ament_index/resource_index/parent_prefix_path/my_cool_robot_description_package
[0.071s] -- Up-to-date: /home/valerio/RTW_my_workspace/install/my_cool_robot_description_package/share/my_cool_robot_description_package/environment/ament_prefix_path.sh
[0.071s] -- Up-to-date: /home/valerio/RTW_my_workspace/install/my_cool_robot_description_package/share/my_cool_robot_description_package/environment/ament_prefix_path.dsv
[0.071s] -- Up-to-date: /home/valerio/RTW_my_workspace/install/my_cool_robot_description_package/share/my_cool_robot_description_package/environment/path.sh
[0.071s] -- Up-to-date: /home/valerio/RTW_my_workspace/install/my_cool_robot_description_package/share/my_cool_robot_description_package/environment/path.dsv
[0.071s] -- Up-to-date: /home/valerio/RTW_my_workspace/install/my_cool_robot_description_package/share/my_cool_robot_description_package/local_setup.bash
[0.071s] -- Up-to-date: /home/valerio/RTW_my_workspace/install/my_cool_robot_description_package/share/my_cool_robot_description_package/local_setup.sh
[0.071s] -- Up-to-date: /home/valerio/RTW_my_workspace/install/my_cool_robot_description_package/share/my_cool_robot_description_package/local_setup.zsh
[0.071s] -- Up-to-date: /home/valerio/RTW_my_workspace/install/my_cool_robot_description_package/share/my_cool_robot_description_package/local_setup.dsv
[0.072s] -- Installing: /home/valerio/RTW_my_workspace/install/my_cool_robot_description_package/share/my_cool_robot_description_package/package.dsv
[0.072s] -- Up-to-date: /home/valerio/RTW_my_workspace/install/my_cool_robot_description_package/share/ament_index/resource_index/packages/my_cool_robot_description_package
[0.072s] -- Up-to-date: /home/valerio/RTW_my_workspace/install/my_cool_robot_description_package/share/my_cool_robot_description_package/cmake/my_cool_robot_description_packageConfig.cmake
[0.072s] -- Up-to-date: /home/valerio/RTW_my_workspace/install/my_cool_robot_description_package/share/my_cool_robot_description_package/cmake/my_cool_robot_description_packageConfig-version.cmake
[0.072s] -- Up-to-date: /home/valerio/RTW_my_workspace/install/my_cool_robot_description_package/share/my_cool_robot_description_package/package.xml
[0.072s] Invoked command in '/home/valerio/RTW_my_workspace/build/my_cool_robot_description_package' returned '0': CMAKE_PREFIX_PATH=${CMAKE_PREFIX_PATH}:/home/valerio/ros2_ws/install/my_robot_controller:/home/valerio/ws_moveit/install/moveit_configs_utils:/opt/ros/humble PS1=\[\e]0;$(parse_ros_workspace)\a\]\[\e[1;32m\]\u\[\[\e[0;37m\]@\[\[\e[0;33m\]\h\[\[\e[1;33m\]${text}\[\[\e[0;37m\]:\[$(set_ros_workspace_color)\]$(parse_ros_workspace)\[\[\e[0;32m\]$(parse_git_bracket)\[$(set_git_color)\]$(get_gitbranch)\[\e[0;32m\]>\[\e[1;35m\]\W\[\[\e[1;35m\]$\[\[\e[0m\]\[\e[m\] /usr/bin/cmake --install /home/valerio/RTW_my_workspace/build/my_cool_robot_description_package
