[0.035s] Invoking command in '/home/valerio/RTW_my_workspace/build/my_cool_robot_controller_package': CMAKE_PREFIX_PATH=${CMAKE_PREFIX_PATH}:/home/valerio/ros2_ws/install/my_robot_controller:/home/valerio/ws_moveit/install/moveit_configs_utils:/opt/ros/humble CONDA_PROMPT_MODIFIER=(base) PS1=\[\e]0;$(parse_ros_workspace)\a\]\[\e[1;32m\]\u\[\[\e[0;37m\]@\[\[\e[0;33m\]\h\[\[\e[1;33m\]${text}\[\[\e[0;37m\]:\[$(set_ros_workspace_color)\]$(parse_ros_workspace)\[\[\e[0;32m\]$(parse_git_bracket)\[$(set_git_color)\]$(get_gitbranch)\[\e[0;32m\]>\[\e[1;35m\]\W\[\[\e[1;35m\]$\[\[\e[0m\]\[\e[m\] /usr/bin/cmake /home/valerio/RTW_my_workspace/src/my_cool_robot_controller_package -DCMAKE_INSTALL_PREFIX=/home/valerio/RTW_my_workspace/install/my_cool_robot_controller_package
[0.213s] -- Configuring incomplete, errors occurred!
[0.213s] See also "/home/valerio/RTW_my_workspace/build/my_cool_robot_controller_package/CMakeFiles/CMakeOutput.log".
[0.213s] [33mCMake Warning (dev) in CMakeLists.txt:
[0.213s]   No project() command is present.  The top-level CMakeLists.txt file must
[0.213s]   contain a literal, direct call to the project() command.  Add a line of
[0.213s]   code such as
[0.213s] 
[0.213s]     project(ProjectName)
[0.213s] 
[0.213s]   near the top of the file, but after cmake_minimum_required().
[0.213s] 
[0.213s]   CMake is pretending there is a "project(Project)" command on the first
[0.213s]   line.
[0.213s] This warning is for project developers.  Use -Wno-dev to suppress it.
[0.213s] [0m
[0.213s] [31mCMake Error at CMakeLists.txt:2 (generate_parameter_library):
[0.213s]   Unknown CMake command "generate_parameter_library".
[0.213s] 
[0.213s] [0m
[0.213s] [33mCMake Warning (dev) in CMakeLists.txt:
[0.213s]   No cmake_minimum_required command is present.  A line of code such as
[0.213s] 
[0.213s]     cmake_minimum_required(VERSION 3.22)
[0.213s] 
[0.213s]   should be added at the top of the file.  The version specified may be lower
[0.213s]   if you wish to support older CMake versions for this project.  For more
[0.214s]   information run "cmake --help-policy CMP0000".
[0.214s] This warning is for project developers.  Use -Wno-dev to suppress it.
[0.214s] [0m
[0.216s] Invoked command in '/home/valerio/RTW_my_workspace/build/my_cool_robot_controller_package' returned '1': CMAKE_PREFIX_PATH=${CMAKE_PREFIX_PATH}:/home/valerio/ros2_ws/install/my_robot_controller:/home/valerio/ws_moveit/install/moveit_configs_utils:/opt/ros/humble CONDA_PROMPT_MODIFIER=(base) PS1=\[\e]0;$(parse_ros_workspace)\a\]\[\e[1;32m\]\u\[\[\e[0;37m\]@\[\[\e[0;33m\]\h\[\[\e[1;33m\]${text}\[\[\e[0;37m\]:\[$(set_ros_workspace_color)\]$(parse_ros_workspace)\[\[\e[0;32m\]$(parse_git_bracket)\[$(set_git_color)\]$(get_gitbranch)\[\e[0;32m\]>\[\e[1;35m\]\W\[\[\e[1;35m\]$\[\[\e[0m\]\[\e[m\] /usr/bin/cmake /home/valerio/RTW_my_workspace/src/my_cool_robot_controller_package -DCMAKE_INSTALL_PREFIX=/home/valerio/RTW_my_workspace/install/my_cool_robot_controller_package
