-- The C compiler identification is GNU 11.4.0
-- The CXX compiler identification is GNU 11.4.0
-- Detecting C compiler ABI info
-- Detecting C compiler ABI info - done
-- Check for working C compiler: /usr/bin/cc - skipped
-- Detecting C compile features
-- Detecting C compile features - done
-- Detecting CXX compiler ABI info
-- Detecting CXX compiler ABI info - done
-- Check for working CXX compiler: /usr/bin/c++ - skipped
-- Detecting CXX compile features
-- Detecting CXX compile features - done
-- Found ament_cmake: 1.3.11 (/opt/ros/humble/share/ament_cmake/cmake)
-- Found Python3: /usr/bin/python3 (found version "3.10.12") found components: Interpreter 
-- Override CMake install command with custom implementation using symlinks instead of copying resources
-- Configuring done
-- Generating done
-- Build files have been written to: /home/valerio/RTW_my_workspace/build/my_new_package
-- Install configuration: ""
-- Execute custom install script
-- Symlinking: /home/valerio/RTW_my_workspace/install/my_new_package/share/ament_index/resource_index/package_run_dependencies/my_new_package
-- Symlinking: /home/valerio/RTW_my_workspace/install/my_new_package/share/ament_index/resource_index/parent_prefix_path/my_new_package
-- Symlinking: /home/valerio/RTW_my_workspace/install/my_new_package/share/my_new_package/environment/ament_prefix_path.sh
-- Symlinking: /home/valerio/RTW_my_workspace/install/my_new_package/share/my_new_package/environment/ament_prefix_path.dsv
-- Symlinking: /home/valerio/RTW_my_workspace/install/my_new_package/share/my_new_package/environment/path.sh
-- Symlinking: /home/valerio/RTW_my_workspace/install/my_new_package/share/my_new_package/environment/path.dsv
-- Symlinking: /home/valerio/RTW_my_workspace/install/my_new_package/share/my_new_package/local_setup.bash
-- Symlinking: /home/valerio/RTW_my_workspace/install/my_new_package/share/my_new_package/local_setup.sh
-- Symlinking: /home/valerio/RTW_my_workspace/install/my_new_package/share/my_new_package/local_setup.zsh
-- Symlinking: /home/valerio/RTW_my_workspace/install/my_new_package/share/my_new_package/local_setup.dsv
-- Symlinking: /home/valerio/RTW_my_workspace/install/my_new_package/share/my_new_package/package.dsv
-- Symlinking: /home/valerio/RTW_my_workspace/install/my_new_package/share/ament_index/resource_index/packages/my_new_package
-- Symlinking: /home/valerio/RTW_my_workspace/install/my_new_package/share/my_new_package/cmake/my_new_packageConfig.cmake
-- Symlinking: /home/valerio/RTW_my_workspace/install/my_new_package/share/my_new_package/cmake/my_new_packageConfig-version.cmake
-- Symlinking: /home/valerio/RTW_my_workspace/install/my_new_package/share/my_new_package/package.xml
