[0.012s] Invoking command in '/home/valerio/RTW_my_workspace/build/my_new_package': CMAKE_PREFIX_PATH=${CMAKE_PREFIX_PATH}:/home/valerio/ros2_ws/install/my_robot_controller:/home/valerio/ws_moveit/install/moveit_configs_utils:/opt/ros/humble PS1=\[\e]0;$(parse_ros_workspace)\a\]\[\e[1;32m\]\u\[\[\e[0;37m\]@\[\[\e[0;33m\]\h\[\[\e[1;33m\]${text}\[\[\e[0;37m\]:\[$(set_ros_workspace_color)\]$(parse_ros_workspace)\[\[\e[0;32m\]$(parse_git_bracket)\[$(set_git_color)\]$(get_gitbranch)\[\e[0;32m\]>\[\e[1;35m\]\W\[\[\e[1;35m\]$\[\[\e[0m\]\[\e[m\] /usr/bin/cmake /home/valerio/RTW_my_workspace/src/my_new_package -DAMENT_CMAKE_SYMLINK_INSTALL=1 -DCMAKE_INSTALL_PREFIX=/home/valerio/RTW_my_workspace/install/my_new_package
[0.059s] -- The C compiler identification is GNU 11.4.0
[0.098s] -- The CXX compiler identification is GNU 11.4.0
[0.103s] -- Detecting C compiler ABI info
[0.167s] -- Detecting C compiler ABI info - done
[0.171s] -- Check for working C compiler: /usr/bin/cc - skipped
[0.171s] -- Detecting C compile features
[0.171s] -- Detecting C compile features - done
[0.173s] -- Detecting CXX compiler ABI info
[0.242s] -- Detecting CXX compiler ABI info - done
[0.246s] -- Check for working CXX compiler: /usr/bin/c++ - skipped
[0.246s] -- Detecting CXX compile features
[0.247s] -- Detecting CXX compile features - done
[0.254s] -- Found ament_cmake: 1.3.11 (/opt/ros/humble/share/ament_cmake/cmake)
[0.392s] -- Found Python3: /usr/bin/python3 (found version "3.10.12") found components: Interpreter 
[0.431s] -- Override CMake install command with custom implementation using symlinks instead of copying resources
[0.554s] -- Configuring done
[0.556s] -- Generating done
[0.557s] -- Build files have been written to: /home/valerio/RTW_my_workspace/build/my_new_package
[0.559s] Invoked command in '/home/valerio/RTW_my_workspace/build/my_new_package' returned '0': CMAKE_PREFIX_PATH=${CMAKE_PREFIX_PATH}:/home/valerio/ros2_ws/install/my_robot_controller:/home/valerio/ws_moveit/install/moveit_configs_utils:/opt/ros/humble PS1=\[\e]0;$(parse_ros_workspace)\a\]\[\e[1;32m\]\u\[\[\e[0;37m\]@\[\[\e[0;33m\]\h\[\[\e[1;33m\]${text}\[\[\e[0;37m\]:\[$(set_ros_workspace_color)\]$(parse_ros_workspace)\[\[\e[0;32m\]$(parse_git_bracket)\[$(set_git_color)\]$(get_gitbranch)\[\e[0;32m\]>\[\e[1;35m\]\W\[\[\e[1;35m\]$\[\[\e[0m\]\[\e[m\] /usr/bin/cmake /home/valerio/RTW_my_workspace/src/my_new_package -DAMENT_CMAKE_SYMLINK_INSTALL=1 -DCMAKE_INSTALL_PREFIX=/home/valerio/RTW_my_workspace/install/my_new_package
[0.561s] Invoking command in '/home/valerio/RTW_my_workspace/build/my_new_package': CMAKE_PREFIX_PATH=${CMAKE_PREFIX_PATH}:/home/valerio/ros2_ws/install/my_robot_controller:/home/valerio/ws_moveit/install/moveit_configs_utils:/opt/ros/humble PS1=\[\e]0;$(parse_ros_workspace)\a\]\[\e[1;32m\]\u\[\[\e[0;37m\]@\[\[\e[0;33m\]\h\[\[\e[1;33m\]${text}\[\[\e[0;37m\]:\[$(set_ros_workspace_color)\]$(parse_ros_workspace)\[\[\e[0;32m\]$(parse_git_bracket)\[$(set_git_color)\]$(get_gitbranch)\[\e[0;32m\]>\[\e[1;35m\]\W\[\[\e[1;35m\]$\[\[\e[0m\]\[\e[m\] /usr/bin/cmake --build /home/valerio/RTW_my_workspace/build/my_new_package -- -j32 -l32
[0.595s] Invoked command in '/home/valerio/RTW_my_workspace/build/my_new_package' returned '0': CMAKE_PREFIX_PATH=${CMAKE_PREFIX_PATH}:/home/valerio/ros2_ws/install/my_robot_controller:/home/valerio/ws_moveit/install/moveit_configs_utils:/opt/ros/humble PS1=\[\e]0;$(parse_ros_workspace)\a\]\[\e[1;32m\]\u\[\[\e[0;37m\]@\[\[\e[0;33m\]\h\[\[\e[1;33m\]${text}\[\[\e[0;37m\]:\[$(set_ros_workspace_color)\]$(parse_ros_workspace)\[\[\e[0;32m\]$(parse_git_bracket)\[$(set_git_color)\]$(get_gitbranch)\[\e[0;32m\]>\[\e[1;35m\]\W\[\[\e[1;35m\]$\[\[\e[0m\]\[\e[m\] /usr/bin/cmake --build /home/valerio/RTW_my_workspace/build/my_new_package -- -j32 -l32
[0.603s] Invoking command in '/home/valerio/RTW_my_workspace/build/my_new_package': CMAKE_PREFIX_PATH=${CMAKE_PREFIX_PATH}:/home/valerio/ros2_ws/install/my_robot_controller:/home/valerio/ws_moveit/install/moveit_configs_utils:/opt/ros/humble PS1=\[\e]0;$(parse_ros_workspace)\a\]\[\e[1;32m\]\u\[\[\e[0;37m\]@\[\[\e[0;33m\]\h\[\[\e[1;33m\]${text}\[\[\e[0;37m\]:\[$(set_ros_workspace_color)\]$(parse_ros_workspace)\[\[\e[0;32m\]$(parse_git_bracket)\[$(set_git_color)\]$(get_gitbranch)\[\e[0;32m\]>\[\e[1;35m\]\W\[\[\e[1;35m\]$\[\[\e[0m\]\[\e[m\] /usr/bin/cmake --install /home/valerio/RTW_my_workspace/build/my_new_package
[0.611s] -- Install configuration: ""
[0.611s] -- Execute custom install script
[0.611s] -- Symlinking: /home/valerio/RTW_my_workspace/install/my_new_package/share/ament_index/resource_index/package_run_dependencies/my_new_package
[0.619s] -- Symlinking: /home/valerio/RTW_my_workspace/install/my_new_package/share/ament_index/resource_index/parent_prefix_path/my_new_package
[0.626s] -- Symlinking: /home/valerio/RTW_my_workspace/install/my_new_package/share/my_new_package/environment/ament_prefix_path.sh
[0.635s] -- Symlinking: /home/valerio/RTW_my_workspace/install/my_new_package/share/my_new_package/environment/ament_prefix_path.dsv
[0.642s] -- Symlinking: /home/valerio/RTW_my_workspace/install/my_new_package/share/my_new_package/environment/path.sh
[0.651s] -- Symlinking: /home/valerio/RTW_my_workspace/install/my_new_package/share/my_new_package/environment/path.dsv
[0.658s] -- Symlinking: /home/valerio/RTW_my_workspace/install/my_new_package/share/my_new_package/local_setup.bash
[0.666s] -- Symlinking: /home/valerio/RTW_my_workspace/install/my_new_package/share/my_new_package/local_setup.sh
[0.674s] -- Symlinking: /home/valerio/RTW_my_workspace/install/my_new_package/share/my_new_package/local_setup.zsh
[0.682s] -- Symlinking: /home/valerio/RTW_my_workspace/install/my_new_package/share/my_new_package/local_setup.dsv
[0.689s] -- Symlinking: /home/valerio/RTW_my_workspace/install/my_new_package/share/my_new_package/package.dsv
[0.697s] -- Symlinking: /home/valerio/RTW_my_workspace/install/my_new_package/share/ament_index/resource_index/packages/my_new_package
[0.705s] -- Symlinking: /home/valerio/RTW_my_workspace/install/my_new_package/share/my_new_package/cmake/my_new_packageConfig.cmake
[0.713s] -- Symlinking: /home/valerio/RTW_my_workspace/install/my_new_package/share/my_new_package/cmake/my_new_packageConfig-version.cmake
[0.721s] -- Symlinking: /home/valerio/RTW_my_workspace/install/my_new_package/share/my_new_package/package.xml
[0.731s] Invoked command in '/home/valerio/RTW_my_workspace/build/my_new_package' returned '0': CMAKE_PREFIX_PATH=${CMAKE_PREFIX_PATH}:/home/valerio/ros2_ws/install/my_robot_controller:/home/valerio/ws_moveit/install/moveit_configs_utils:/opt/ros/humble PS1=\[\e]0;$(parse_ros_workspace)\a\]\[\e[1;32m\]\u\[\[\e[0;37m\]@\[\[\e[0;33m\]\h\[\[\e[1;33m\]${text}\[\[\e[0;37m\]:\[$(set_ros_workspace_color)\]$(parse_ros_workspace)\[\[\e[0;32m\]$(parse_git_bracket)\[$(set_git_color)\]$(get_gitbranch)\[\e[0;32m\]>\[\e[1;35m\]\W\[\[\e[1;35m\]$\[\[\e[0m\]\[\e[m\] /usr/bin/cmake --install /home/valerio/RTW_my_workspace/build/my_new_package
