-- The C compiler identification is GNU 11.4.0
-- The CXX compiler identification is GNU 11.4.0
-- Detecting C compiler ABI info
-- Detecting C compiler ABI info - done
-- Check for working C compiler: /usr/bin/cc - skipped
-- Detecting C compile features
-- Detecting C compile features - done
-- Detecting CXX compiler ABI info
-- Detecting CXX compiler ABI info - done
-- Check for working CXX compiler: /usr/bin/c++ - skipped
-- Detecting CXX compile features
-- Detecting CXX compile features - done
-- Found ament_cmake: 1.3.11 (/opt/ros/humble/share/ament_cmake/cmake)
-- Found Python3: /usr/bin/python3 (found version "3.10.12") found components: Interpreter 
-- Override CMake install command with custom implementation using symlinks instead of copying resources
-- Found ament_lint_auto: 0.12.12 (/opt/ros/humble/share/ament_lint_auto/cmake)
-- Added test 'flake8' to check Python code syntax and style conventions
-- Added test 'lint_cmake' to check CMake code style
-- Added test 'pep257' to check Python code against some of the docstring style conventions in PEP 257
-- Added test 'xmllint' to check XML markup files
-- Configuring done
-- Generating done
-- Build files have been written to: /home/valerio/RTW_my_workspace/build/my_cool_robot_bringup_package
-- Install configuration: "RelWithDebInfo"
-- Execute custom install script
-- Symlinking: /home/valerio/RTW_my_workspace/install/my_cool_robot_bringup_package/share/my_cool_robot_bringup_package/config/my_cool_robot_name_controllers.yaml
-- Symlinking: /home/valerio/RTW_my_workspace/install/my_cool_robot_bringup_package/share/my_cool_robot_bringup_package/config/test_goal_publishers_config.yaml
-- Symlinking: /home/valerio/RTW_my_workspace/install/my_cool_robot_bringup_package/share/my_cool_robot_bringup_package/launch/my_cool_robot_name.launch.py
-- Symlinking: /home/valerio/RTW_my_workspace/install/my_cool_robot_bringup_package/share/my_cool_robot_bringup_package/launch/my_cool_robot_name.launch.xml
-- Symlinking: /home/valerio/RTW_my_workspace/install/my_cool_robot_bringup_package/share/my_cool_robot_bringup_package/launch/test_forward_position_controller.launch.py
-- Symlinking: /home/valerio/RTW_my_workspace/install/my_cool_robot_bringup_package/share/my_cool_robot_bringup_package/launch/test_forward_position_controller.launch.xml
-- Symlinking: /home/valerio/RTW_my_workspace/install/my_cool_robot_bringup_package/share/my_cool_robot_bringup_package/launch/test_joint_trajectory_controller.launch.py
-- Symlinking: /home/valerio/RTW_my_workspace/install/my_cool_robot_bringup_package/share/my_cool_robot_bringup_package/launch/test_joint_trajectory_controller.launch.xml
-- Symlinking: /home/valerio/RTW_my_workspace/install/my_cool_robot_bringup_package/share/ament_index/resource_index/package_run_dependencies/my_cool_robot_bringup_package
-- Symlinking: /home/valerio/RTW_my_workspace/install/my_cool_robot_bringup_package/share/ament_index/resource_index/parent_prefix_path/my_cool_robot_bringup_package
-- Symlinking: /home/valerio/RTW_my_workspace/install/my_cool_robot_bringup_package/share/my_cool_robot_bringup_package/environment/ament_prefix_path.sh
-- Symlinking: /home/valerio/RTW_my_workspace/install/my_cool_robot_bringup_package/share/my_cool_robot_bringup_package/environment/ament_prefix_path.dsv
-- Symlinking: /home/valerio/RTW_my_workspace/install/my_cool_robot_bringup_package/share/my_cool_robot_bringup_package/environment/path.sh
-- Symlinking: /home/valerio/RTW_my_workspace/install/my_cool_robot_bringup_package/share/my_cool_robot_bringup_package/environment/path.dsv
-- Symlinking: /home/valerio/RTW_my_workspace/install/my_cool_robot_bringup_package/share/my_cool_robot_bringup_package/local_setup.bash
-- Symlinking: /home/valerio/RTW_my_workspace/install/my_cool_robot_bringup_package/share/my_cool_robot_bringup_package/local_setup.sh
-- Symlinking: /home/valerio/RTW_my_workspace/install/my_cool_robot_bringup_package/share/my_cool_robot_bringup_package/local_setup.zsh
-- Symlinking: /home/valerio/RTW_my_workspace/install/my_cool_robot_bringup_package/share/my_cool_robot_bringup_package/local_setup.dsv
-- Symlinking: /home/valerio/RTW_my_workspace/install/my_cool_robot_bringup_package/share/my_cool_robot_bringup_package/package.dsv
-- Symlinking: /home/valerio/RTW_my_workspace/install/my_cool_robot_bringup_package/share/ament_index/resource_index/packages/my_cool_robot_bringup_package
-- Symlinking: /home/valerio/RTW_my_workspace/install/my_cool_robot_bringup_package/share/my_cool_robot_bringup_package/cmake/my_cool_robot_bringup_packageConfig.cmake
-- Symlinking: /home/valerio/RTW_my_workspace/install/my_cool_robot_bringup_package/share/my_cool_robot_bringup_package/cmake/my_cool_robot_bringup_packageConfig-version.cmake
-- Symlinking: /home/valerio/RTW_my_workspace/install/my_cool_robot_bringup_package/share/my_cool_robot_bringup_package/package.xml
