[0.012s] Invoking command in '/home/valerio/RTW_my_workspace/build/my_cool_robot_description_package': CMAKE_PREFIX_PATH=${CMAKE_PREFIX_PATH}:/home/valerio/ros2_ws/install/my_robot_controller:/home/valerio/ws_moveit/install/moveit_configs_utils:/opt/ros/humble /usr/bin/cmake /home/valerio/RTW_my_workspace/src/my_cool_robot_description_package -DCMAKE_BUILD_TYPE=RelWithDebInfo -DCMAKE_EXPORT_COMPILE_COMMANDS=ON -DAMENT_CMAKE_SYMLINK_INSTALL=1 -DCMAKE_INSTALL_PREFIX=/home/valerio/RTW_my_workspace/install/my_cool_robot_description_package
[0.023s] -- Found ament_cmake: 1.3.11 (/opt/ros/humble/share/ament_cmake/cmake)
[0.107s] -- Override CMake install command with custom implementation using symlinks instead of copying resources
[0.111s] -- Found ament_cmake_pytest: 1.3.11 (/opt/ros/humble/share/ament_cmake_pytest/cmake)
[0.298s] -- Found ament_lint_auto: 0.12.12 (/opt/ros/humble/share/ament_lint_auto/cmake)
[0.339s] -- Found python_cmake_module: 0.10.0 (/opt/ros/humble/share/python_cmake_module/cmake)
[0.357s] -- Using PYTHON_EXECUTABLE: /usr/bin/python3
[0.357s] -- Using PYTHON_INCLUDE_DIRS: /usr/include/python3.10
[0.357s] -- Using PYTHON_LIBRARIES: /usr/lib/x86_64-linux-gnu/libpython3.10.so
[0.385s] -- Added test 'flake8' to check Python code syntax and style conventions
[0.386s] -- Added test 'lint_cmake' to check CMake code style
[0.386s] -- Added test 'pep257' to check Python code against some of the docstring style conventions in PEP 257
[0.387s] -- Added test 'xmllint' to check XML markup files
[0.388s] -- Configuring done
[0.389s] -- Generating done
[0.390s] -- Build files have been written to: /home/valerio/RTW_my_workspace/build/my_cool_robot_description_package
[0.392s] Invoked command in '/home/valerio/RTW_my_workspace/build/my_cool_robot_description_package' returned '0': CMAKE_PREFIX_PATH=${CMAKE_PREFIX_PATH}:/home/valerio/ros2_ws/install/my_robot_controller:/home/valerio/ws_moveit/install/moveit_configs_utils:/opt/ros/humble /usr/bin/cmake /home/valerio/RTW_my_workspace/src/my_cool_robot_description_package -DCMAKE_BUILD_TYPE=RelWithDebInfo -DCMAKE_EXPORT_COMPILE_COMMANDS=ON -DAMENT_CMAKE_SYMLINK_INSTALL=1 -DCMAKE_INSTALL_PREFIX=/home/valerio/RTW_my_workspace/install/my_cool_robot_description_package
[0.393s] Invoking command in '/home/valerio/RTW_my_workspace/build/my_cool_robot_description_package': CMAKE_PREFIX_PATH=${CMAKE_PREFIX_PATH}:/home/valerio/ros2_ws/install/my_robot_controller:/home/valerio/ws_moveit/install/moveit_configs_utils:/opt/ros/humble /usr/bin/cmake --build /home/valerio/RTW_my_workspace/build/my_cool_robot_description_package -- -j32 -l32
[0.431s] Invoked command in '/home/valerio/RTW_my_workspace/build/my_cool_robot_description_package' returned '0': CMAKE_PREFIX_PATH=${CMAKE_PREFIX_PATH}:/home/valerio/ros2_ws/install/my_robot_controller:/home/valerio/ws_moveit/install/moveit_configs_utils:/opt/ros/humble /usr/bin/cmake --build /home/valerio/RTW_my_workspace/build/my_cool_robot_description_package -- -j32 -l32
[0.440s] Invoking command in '/home/valerio/RTW_my_workspace/build/my_cool_robot_description_package': CMAKE_PREFIX_PATH=${CMAKE_PREFIX_PATH}:/home/valerio/ros2_ws/install/my_robot_controller:/home/valerio/ws_moveit/install/moveit_configs_utils:/opt/ros/humble /usr/bin/cmake --install /home/valerio/RTW_my_workspace/build/my_cool_robot_description_package
[0.446s] -- Install configuration: "RelWithDebInfo"
[0.447s] -- Execute custom install script
[0.447s] -- Symlinking: /home/valerio/RTW_my_workspace/install/my_cool_robot_description_package/share/my_cool_robot_description_package/config/.gitkeep
[0.455s] -- Symlinking: /home/valerio/RTW_my_workspace/install/my_cool_robot_description_package/share/my_cool_robot_description_package/launch/my_cool_robot_name.launch.xml
[0.463s] -- Symlinking: /home/valerio/RTW_my_workspace/install/my_cool_robot_description_package/share/my_cool_robot_description_package/launch/view_my_cool_robot_name.launch.py
[0.472s] -- Symlinking: /home/valerio/RTW_my_workspace/install/my_cool_robot_description_package/share/my_cool_robot_description_package/launch/view_my_cool_robot_name.launch.xml
[0.480s] -- Symlinking: /home/valerio/RTW_my_workspace/install/my_cool_robot_description_package/share/my_cool_robot_description_package/meshes/my_cool_robot_name/collision/.gitkeep
[0.488s] -- Symlinking: /home/valerio/RTW_my_workspace/install/my_cool_robot_description_package/share/my_cool_robot_description_package/meshes/my_cool_robot_name/visual/.gitkeep
[0.496s] -- Symlinking: /home/valerio/RTW_my_workspace/install/my_cool_robot_description_package/share/my_cool_robot_description_package/rviz/my_cool_robot_name.rviz
[0.505s] -- Symlinking: /home/valerio/RTW_my_workspace/install/my_cool_robot_description_package/share/my_cool_robot_description_package/urdf/common/inertials.xacro
[0.514s] -- Symlinking: /home/valerio/RTW_my_workspace/install/my_cool_robot_description_package/share/my_cool_robot_description_package/urdf/common/materials.xacro
[0.522s] -- Symlinking: /home/valerio/RTW_my_workspace/install/my_cool_robot_description_package/share/my_cool_robot_description_package/urdf/my_cool_robot_name.urdf.xacro
[0.530s] -- Symlinking: /home/valerio/RTW_my_workspace/install/my_cool_robot_description_package/share/my_cool_robot_description_package/urdf/my_cool_robot_name/my_cool_robot_name_macro.ros2_control.xacro
[0.539s] -- Symlinking: /home/valerio/RTW_my_workspace/install/my_cool_robot_description_package/share/my_cool_robot_description_package/urdf/my_cool_robot_name/my_cool_robot_name_macro.xacro
[0.547s] -- Symlinking: /home/valerio/RTW_my_workspace/install/my_cool_robot_description_package/share/my_cool_robot_description_package/test/my_cool_robot_name_test_urdf_xacro.py
[0.555s] -- Up-to-date symlink: /home/valerio/RTW_my_workspace/install/my_cool_robot_description_package/share/my_cool_robot_description_package/config/.gitkeep
[0.555s] -- Up-to-date symlink: /home/valerio/RTW_my_workspace/install/my_cool_robot_description_package/share/my_cool_robot_description_package/launch/my_cool_robot_name.launch.xml
[0.555s] -- Up-to-date symlink: /home/valerio/RTW_my_workspace/install/my_cool_robot_description_package/share/my_cool_robot_description_package/launch/view_my_cool_robot_name.launch.py
[0.555s] -- Up-to-date symlink: /home/valerio/RTW_my_workspace/install/my_cool_robot_description_package/share/my_cool_robot_description_package/launch/view_my_cool_robot_name.launch.xml
[0.556s] -- Up-to-date symlink: /home/valerio/RTW_my_workspace/install/my_cool_robot_description_package/share/my_cool_robot_description_package/meshes/my_cool_robot_name/collision/.gitkeep
[0.556s] -- Up-to-date symlink: /home/valerio/RTW_my_workspace/install/my_cool_robot_description_package/share/my_cool_robot_description_package/meshes/my_cool_robot_name/visual/.gitkeep
[0.556s] -- Up-to-date symlink: /home/valerio/RTW_my_workspace/install/my_cool_robot_description_package/share/my_cool_robot_description_package/rviz/my_cool_robot_name.rviz
[0.556s] -- Up-to-date symlink: /home/valerio/RTW_my_workspace/install/my_cool_robot_description_package/share/my_cool_robot_description_package/urdf/common/inertials.xacro
[0.556s] -- Up-to-date symlink: /home/valerio/RTW_my_workspace/install/my_cool_robot_description_package/share/my_cool_robot_description_package/urdf/common/materials.xacro
[0.556s] -- Up-to-date symlink: /home/valerio/RTW_my_workspace/install/my_cool_robot_description_package/share/my_cool_robot_description_package/urdf/my_cool_robot_name.urdf.xacro
[0.556s] -- Up-to-date symlink: /home/valerio/RTW_my_workspace/install/my_cool_robot_description_package/share/my_cool_robot_description_package/urdf/my_cool_robot_name/my_cool_robot_name_macro.ros2_control.xacro
[0.556s] -- Up-to-date symlink: /home/valerio/RTW_my_workspace/install/my_cool_robot_description_package/share/my_cool_robot_description_package/urdf/my_cool_robot_name/my_cool_robot_name_macro.xacro
[0.556s] -- Up-to-date symlink: /home/valerio/RTW_my_workspace/install/my_cool_robot_description_package/share/my_cool_robot_description_package/test/my_cool_robot_name_test_urdf_xacro.py
[0.556s] -- Up-to-date symlink: /home/valerio/RTW_my_workspace/install/my_cool_robot_description_package/share/my_cool_robot_description_package/config/.gitkeep
[0.556s] -- Up-to-date symlink: /home/valerio/RTW_my_workspace/install/my_cool_robot_description_package/share/my_cool_robot_description_package/launch/my_cool_robot_name.launch.xml
[0.556s] -- Up-to-date symlink: /home/valerio/RTW_my_workspace/install/my_cool_robot_description_package/share/my_cool_robot_description_package/launch/view_my_cool_robot_name.launch.py
[0.556s] -- Up-to-date symlink: /home/valerio/RTW_my_workspace/install/my_cool_robot_description_package/share/my_cool_robot_description_package/launch/view_my_cool_robot_name.launch.xml
[0.557s] -- Up-to-date symlink: /home/valerio/RTW_my_workspace/install/my_cool_robot_description_package/share/my_cool_robot_description_package/meshes/my_cool_robot_name/collision/.gitkeep
[0.557s] -- Up-to-date symlink: /home/valerio/RTW_my_workspace/install/my_cool_robot_description_package/share/my_cool_robot_description_package/meshes/my_cool_robot_name/visual/.gitkeep
[0.557s] -- Up-to-date symlink: /home/valerio/RTW_my_workspace/install/my_cool_robot_description_package/share/my_cool_robot_description_package/rviz/my_cool_robot_name.rviz
[0.557s] -- Up-to-date symlink: /home/valerio/RTW_my_workspace/install/my_cool_robot_description_package/share/my_cool_robot_description_package/urdf/common/inertials.xacro
[0.557s] -- Up-to-date symlink: /home/valerio/RTW_my_workspace/install/my_cool_robot_description_package/share/my_cool_robot_description_package/urdf/common/materials.xacro
[0.557s] -- Up-to-date symlink: /home/valerio/RTW_my_workspace/install/my_cool_robot_description_package/share/my_cool_robot_description_package/urdf/my_cool_robot_name.urdf.xacro
[0.557s] -- Up-to-date symlink: /home/valerio/RTW_my_workspace/install/my_cool_robot_description_package/share/my_cool_robot_description_package/urdf/my_cool_robot_name/my_cool_robot_name_macro.ros2_control.xacro
[0.557s] -- Up-to-date symlink: /home/valerio/RTW_my_workspace/install/my_cool_robot_description_package/share/my_cool_robot_description_package/urdf/my_cool_robot_name/my_cool_robot_name_macro.xacro
[0.557s] -- Up-to-date symlink: /home/valerio/RTW_my_workspace/install/my_cool_robot_description_package/share/my_cool_robot_description_package/test/my_cool_robot_name_test_urdf_xacro.py
[0.557s] -- Up-to-date symlink: /home/valerio/RTW_my_workspace/install/my_cool_robot_description_package/share/my_cool_robot_description_package/config/.gitkeep
[0.557s] -- Up-to-date symlink: /home/valerio/RTW_my_workspace/install/my_cool_robot_description_package/share/my_cool_robot_description_package/launch/my_cool_robot_name.launch.xml
[0.557s] -- Up-to-date symlink: /home/valerio/RTW_my_workspace/install/my_cool_robot_description_package/share/my_cool_robot_description_package/launch/view_my_cool_robot_name.launch.py
[0.557s] -- Up-to-date symlink: /home/valerio/RTW_my_workspace/install/my_cool_robot_description_package/share/my_cool_robot_description_package/launch/view_my_cool_robot_name.launch.xml
[0.558s] -- Up-to-date symlink: /home/valerio/RTW_my_workspace/install/my_cool_robot_description_package/share/my_cool_robot_description_package/meshes/my_cool_robot_name/collision/.gitkeep
[0.558s] -- Up-to-date symlink: /home/valerio/RTW_my_workspace/install/my_cool_robot_description_package/share/my_cool_robot_description_package/meshes/my_cool_robot_name/visual/.gitkeep
[0.558s] -- Up-to-date symlink: /home/valerio/RTW_my_workspace/install/my_cool_robot_description_package/share/my_cool_robot_description_package/rviz/my_cool_robot_name.rviz
[0.558s] -- Up-to-date symlink: /home/valerio/RTW_my_workspace/install/my_cool_robot_description_package/share/my_cool_robot_description_package/urdf/common/inertials.xacro
[0.558s] -- Up-to-date symlink: /home/valerio/RTW_my_workspace/install/my_cool_robot_description_package/share/my_cool_robot_description_package/urdf/common/materials.xacro
[0.558s] -- Up-to-date symlink: /home/valerio/RTW_my_workspace/install/my_cool_robot_description_package/share/my_cool_robot_description_package/urdf/my_cool_robot_name.urdf.xacro
[0.558s] -- Up-to-date symlink: /home/valerio/RTW_my_workspace/install/my_cool_robot_description_package/share/my_cool_robot_description_package/urdf/my_cool_robot_name/my_cool_robot_name_macro.ros2_control.xacro
[0.558s] -- Up-to-date symlink: /home/valerio/RTW_my_workspace/install/my_cool_robot_description_package/share/my_cool_robot_description_package/urdf/my_cool_robot_name/my_cool_robot_name_macro.xacro
[0.558s] -- Up-to-date symlink: /home/valerio/RTW_my_workspace/install/my_cool_robot_description_package/share/my_cool_robot_description_package/test/my_cool_robot_name_test_urdf_xacro.py
[0.558s] -- Symlinking: /home/valerio/RTW_my_workspace/install/my_cool_robot_description_package/share/ament_index/resource_index/package_run_dependencies/my_cool_robot_description_package
[0.566s] -- Symlinking: /home/valerio/RTW_my_workspace/install/my_cool_robot_description_package/share/ament_index/resource_index/parent_prefix_path/my_cool_robot_description_package
[0.574s] -- Symlinking: /home/valerio/RTW_my_workspace/install/my_cool_robot_description_package/share/my_cool_robot_description_package/environment/ament_prefix_path.sh
[0.582s] -- Symlinking: /home/valerio/RTW_my_workspace/install/my_cool_robot_description_package/share/my_cool_robot_description_package/environment/ament_prefix_path.dsv
[0.590s] -- Symlinking: /home/valerio/RTW_my_workspace/install/my_cool_robot_description_package/share/my_cool_robot_description_package/environment/path.sh
[0.598s] -- Symlinking: /home/valerio/RTW_my_workspace/install/my_cool_robot_description_package/share/my_cool_robot_description_package/environment/path.dsv
[0.606s] -- Symlinking: /home/valerio/RTW_my_workspace/install/my_cool_robot_description_package/share/my_cool_robot_description_package/local_setup.bash
[0.614s] -- Symlinking: /home/valerio/RTW_my_workspace/install/my_cool_robot_description_package/share/my_cool_robot_description_package/local_setup.sh
[0.621s] -- Symlinking: /home/valerio/RTW_my_workspace/install/my_cool_robot_description_package/share/my_cool_robot_description_package/local_setup.zsh
[0.629s] -- Symlinking: /home/valerio/RTW_my_workspace/install/my_cool_robot_description_package/share/my_cool_robot_description_package/local_setup.dsv
[0.637s] -- Symlinking: /home/valerio/RTW_my_workspace/install/my_cool_robot_description_package/share/my_cool_robot_description_package/package.dsv
[0.645s] -- Symlinking: /home/valerio/RTW_my_workspace/install/my_cool_robot_description_package/share/ament_index/resource_index/packages/my_cool_robot_description_package
[0.653s] -- Symlinking: /home/valerio/RTW_my_workspace/install/my_cool_robot_description_package/share/my_cool_robot_description_package/cmake/my_cool_robot_description_packageConfig.cmake
[0.661s] -- Symlinking: /home/valerio/RTW_my_workspace/install/my_cool_robot_description_package/share/my_cool_robot_description_package/cmake/my_cool_robot_description_packageConfig-version.cmake
[0.670s] -- Symlinking: /home/valerio/RTW_my_workspace/install/my_cool_robot_description_package/share/my_cool_robot_description_package/package.xml
[0.679s] Invoked command in '/home/valerio/RTW_my_workspace/build/my_cool_robot_description_package' returned '0': CMAKE_PREFIX_PATH=${CMAKE_PREFIX_PATH}:/home/valerio/ros2_ws/install/my_robot_controller:/home/valerio/ws_moveit/install/moveit_configs_utils:/opt/ros/humble /usr/bin/cmake --install /home/valerio/RTW_my_workspace/build/my_cool_robot_description_package
