-- Found ament_cmake: 1.3.11 (/opt/ros/humble/share/ament_cmake/cmake)
-- Override CMake install command with custom implementation using symlinks instead of copying resources
-- Found ament_cmake_pytest: 1.3.11 (/opt/ros/humble/share/ament_cmake_pytest/cmake)
[31mCMake Error at /opt/ros/humble/share/ament_cmake_test/cmake/ament_add_test.cmake:125 (add_test):
  add_test given test NAME "test_my_cool_robot_name_urdf_xacro" which already
  exists in this directory.
Call Stack (most recent call first):
  /opt/ros/humble/share/ament_cmake_pytest/cmake/ament_add_pytest_test.cmake:169 (ament_add_test)
  CMakeLists.txt:35 (ament_add_pytest_test)

[0m
-- Found ament_lint_auto: 0.12.12 (/opt/ros/humble/share/ament_lint_auto/cmake)
-- Found python_cmake_module: 0.10.0 (/opt/ros/humble/share/python_cmake_module/cmake)
-- Using PYTHON_EXECUTABLE: /usr/bin/python3
-- Using PYTHON_INCLUDE_DIRS: /usr/include/python3.10
-- Using PYTHON_LIBRARIES: /usr/lib/x86_64-linux-gnu/libpython3.10.so
-- Added test 'flake8' to check Python code syntax and style conventions
-- Added test 'lint_cmake' to check CMake code style
-- Added test 'pep257' to check Python code against some of the docstring style conventions in PEP 257
-- Added test 'xmllint' to check XML markup files
-- Configuring incomplete, errors occurred!
See also "/home/valerio/RTW_my_workspace/build/my_cool_robot_description_package/CMakeFiles/CMakeOutput.log".
