[0.012s] Invoking command in '/home/valerio/RTW_my_workspace/build/my_new_package': CMAKE_PREFIX_PATH=${CMAKE_PREFIX_PATH}:/home/valerio/ros2_ws/install/my_robot_controller:/home/valerio/ws_moveit/install/moveit_configs_utils:/opt/ros/humble PS1=\[\e]0;$(parse_ros_workspace)\a\]\[\e[1;32m\]\u\[\[\e[0;37m\]@\[\[\e[0;33m\]\h\[\[\e[1;33m\]${text}\[\[\e[0;37m\]:\[$(set_ros_workspace_color)\]$(parse_ros_workspace)\[\[\e[0;32m\]$(parse_git_bracket)\[$(set_git_color)\]$(get_gitbranch)\[\e[0;32m\]>\[\e[1;35m\]\W\[\[\e[1;35m\]$\[\[\e[0m\]\[\e[m\] /usr/bin/cmake --build /home/valerio/RTW_my_workspace/build/my_new_package -- -j32 -l32
[0.049s] Invoked command in '/home/valerio/RTW_my_workspace/build/my_new_package' returned '0': CMAKE_PREFIX_PATH=${CMAKE_PREFIX_PATH}:/home/valerio/ros2_ws/install/my_robot_controller:/home/valerio/ws_moveit/install/moveit_configs_utils:/opt/ros/humble PS1=\[\e]0;$(parse_ros_workspace)\a\]\[\e[1;32m\]\u\[\[\e[0;37m\]@\[\[\e[0;33m\]\h\[\[\e[1;33m\]${text}\[\[\e[0;37m\]:\[$(set_ros_workspace_color)\]$(parse_ros_workspace)\[\[\e[0;32m\]$(parse_git_bracket)\[$(set_git_color)\]$(get_gitbranch)\[\e[0;32m\]>\[\e[1;35m\]\W\[\[\e[1;35m\]$\[\[\e[0m\]\[\e[m\] /usr/bin/cmake --build /home/valerio/RTW_my_workspace/build/my_new_package -- -j32 -l32
[0.059s] Invoking command in '/home/valerio/RTW_my_workspace/build/my_new_package': CMAKE_PREFIX_PATH=${CMAKE_PREFIX_PATH}:/home/valerio/ros2_ws/install/my_robot_controller:/home/valerio/ws_moveit/install/moveit_configs_utils:/opt/ros/humble PS1=\[\e]0;$(parse_ros_workspace)\a\]\[\e[1;32m\]\u\[\[\e[0;37m\]@\[\[\e[0;33m\]\h\[\[\e[1;33m\]${text}\[\[\e[0;37m\]:\[$(set_ros_workspace_color)\]$(parse_ros_workspace)\[\[\e[0;32m\]$(parse_git_bracket)\[$(set_git_color)\]$(get_gitbranch)\[\e[0;32m\]>\[\e[1;35m\]\W\[\[\e[1;35m\]$\[\[\e[0m\]\[\e[m\] /usr/bin/cmake --install /home/valerio/RTW_my_workspace/build/my_new_package
[0.066s] -- Install configuration: ""
[0.066s] -- Installing: /home/valerio/RTW_my_workspace/install/my_new_package/share/ament_index/resource_index/package_run_dependencies/my_new_package
[0.066s] -- Installing: /home/valerio/RTW_my_workspace/install/my_new_package/share/ament_index/resource_index/parent_prefix_path/my_new_package
[0.066s] -- Installing: /home/valerio/RTW_my_workspace/install/my_new_package/share/my_new_package/environment/ament_prefix_path.sh
[0.066s] -- Installing: /home/valerio/RTW_my_workspace/install/my_new_package/share/my_new_package/environment/ament_prefix_path.dsv
[0.067s] -- Installing: /home/valerio/RTW_my_workspace/install/my_new_package/share/my_new_package/environment/path.sh
[0.067s] -- Installing: /home/valerio/RTW_my_workspace/install/my_new_package/share/my_new_package/environment/path.dsv
[0.067s] -- Installing: /home/valerio/RTW_my_workspace/install/my_new_package/share/my_new_package/local_setup.bash
[0.067s] -- Installing: /home/valerio/RTW_my_workspace/install/my_new_package/share/my_new_package/local_setup.sh
[0.067s] -- Installing: /home/valerio/RTW_my_workspace/install/my_new_package/share/my_new_package/local_setup.zsh
[0.067s] -- Installing: /home/valerio/RTW_my_workspace/install/my_new_package/share/my_new_package/local_setup.dsv
[0.067s] -- Installing: /home/valerio/RTW_my_workspace/install/my_new_package/share/my_new_package/package.dsv
[0.067s] -- Installing: /home/valerio/RTW_my_workspace/install/my_new_package/share/ament_index/resource_index/packages/my_new_package
[0.067s] -- Installing: /home/valerio/RTW_my_workspace/install/my_new_package/share/my_new_package/cmake/my_new_packageConfig.cmake
[0.067s] -- Installing: /home/valerio/RTW_my_workspace/install/my_new_package/share/my_new_package/cmake/my_new_packageConfig-version.cmake
[0.067s] -- Installing: /home/valerio/RTW_my_workspace/install/my_new_package/share/my_new_package/package.xml
[0.069s] Invoked command in '/home/valerio/RTW_my_workspace/build/my_new_package' returned '0': CMAKE_PREFIX_PATH=${CMAKE_PREFIX_PATH}:/home/valerio/ros2_ws/install/my_robot_controller:/home/valerio/ws_moveit/install/moveit_configs_utils:/opt/ros/humble PS1=\[\e]0;$(parse_ros_workspace)\a\]\[\e[1;32m\]\u\[\[\e[0;37m\]@\[\[\e[0;33m\]\h\[\[\e[1;33m\]${text}\[\[\e[0;37m\]:\[$(set_ros_workspace_color)\]$(parse_ros_workspace)\[\[\e[0;32m\]$(parse_git_bracket)\[$(set_git_color)\]$(get_gitbranch)\[\e[0;32m\]>\[\e[1;35m\]\W\[\[\e[1;35m\]$\[\[\e[0m\]\[\e[m\] /usr/bin/cmake --install /home/valerio/RTW_my_workspace/build/my_new_package
