[0.759s] DEBUG:colcon:Command line arguments: ['/usr/bin/colcon', 'build']
[0.759s] DEBUG:colcon:Parsed command line arguments: Namespace(log_base=None, log_level=None, verb_name='build', build_base='build', install_base='install', merge_install=False, symlink_install=False, test_result_base=None, continue_on_error=False, executor='parallel', parallel_workers=32, event_handlers=None, ignore_user_meta=False, metas=['./colcon.meta'], base_paths=['.'], packages_ignore=None, packages_ignore_regex=None, paths=None, packages_up_to=None, packages_up_to_regex=None, packages_above=None, packages_above_and_dependencies=None, packages_above_depth=None, packages_select_by_dep=None, packages_skip_by_dep=None, packages_skip_up_to=None, packages_select_build_failed=False, packages_skip_build_finished=False, packages_select_test_failures=False, packages_skip_test_passed=False, packages_select=None, packages_skip=None, packages_select_regex=None, packages_skip_regex=None, packages_start=None, packages_end=None, allow_overriding=[], cmake_args=None, cmake_target=None, cmake_target_skip_unavailable=False, cmake_clean_cache=False, cmake_clean_first=False, cmake_force_configure=False, ament_cmake_args=None, catkin_cmake_args=None, catkin_skip_building_tests=False, mixin_files=None, mixin=None, verb_parser=<colcon_mixin.mixin.mixin_argument.MixinArgumentDecorator object at 0x7a83da8ce620>, verb_extension=<colcon_core.verb.build.BuildVerb object at 0x7a83da8888e0>, main=<bound method BuildVerb.main of <colcon_core.verb.build.BuildVerb object at 0x7a83da8888e0>>, mixin_verb=('build',))
[1.392s] Level 1:colcon.colcon_core.package_discovery:discover_packages(colcon_meta) check parameters
[1.392s] Level 1:colcon.colcon_core.package_discovery:discover_packages(recursive) check parameters
[1.392s] Level 1:colcon.colcon_core.package_discovery:discover_packages(ignore) check parameters
[1.392s] Level 1:colcon.colcon_core.package_discovery:discover_packages(path) check parameters
[1.392s] Level 1:colcon.colcon_core.package_discovery:discover_packages(colcon_meta) discover
[1.392s] Level 1:colcon.colcon_core.package_discovery:discover_packages(recursive) discover
[1.392s] INFO:colcon.colcon_core.package_discovery:Crawling recursively for packages in '/home/valerio/RTW_my_workspace'
[1.392s] Level 1:colcon.colcon_core.package_identification:_identify(.) by extensions ['ignore', 'ignore_ament_install']
[1.392s] Level 1:colcon.colcon_core.package_identification:_identify(.) by extension 'ignore'
[1.392s] Level 1:colcon.colcon_core.package_identification:_identify(.) by extension 'ignore_ament_install'
[1.392s] Level 1:colcon.colcon_core.package_identification:_identify(.) by extensions ['colcon_pkg']
[1.392s] Level 1:colcon.colcon_core.package_identification:_identify(.) by extension 'colcon_pkg'
[1.392s] Level 1:colcon.colcon_core.package_identification:_identify(.) by extensions ['colcon_meta']
[1.392s] Level 1:colcon.colcon_core.package_identification:_identify(.) by extension 'colcon_meta'
[1.392s] Level 1:colcon.colcon_core.package_identification:_identify(.) by extensions ['ros']
[1.392s] Level 1:colcon.colcon_core.package_identification:_identify(.) by extension 'ros'
[1.414s] Level 1:colcon.colcon_core.package_identification:_identify(.) by extensions ['cmake', 'python']
[1.414s] Level 1:colcon.colcon_core.package_identification:_identify(.) by extension 'cmake'
[1.414s] Level 1:colcon.colcon_core.package_identification:_identify(.) by extension 'python'
[1.414s] Level 1:colcon.colcon_core.package_identification:_identify(.) by extensions ['python_setup_py']
[1.414s] Level 1:colcon.colcon_core.package_identification:_identify(.) by extension 'python_setup_py'
[1.414s] Level 1:colcon.colcon_core.package_identification:_identify(build) by extensions ['ignore', 'ignore_ament_install']
[1.414s] Level 1:colcon.colcon_core.package_identification:_identify(build) by extension 'ignore'
[1.414s] Level 1:colcon.colcon_core.package_identification:_identify(build) ignored
[1.414s] Level 1:colcon.colcon_core.package_identification:_identify(install) by extensions ['ignore', 'ignore_ament_install']
[1.414s] Level 1:colcon.colcon_core.package_identification:_identify(install) by extension 'ignore'
[1.414s] Level 1:colcon.colcon_core.package_identification:_identify(install) ignored
[1.414s] Level 1:colcon.colcon_core.package_identification:_identify(log) by extensions ['ignore', 'ignore_ament_install']
[1.414s] Level 1:colcon.colcon_core.package_identification:_identify(log) by extension 'ignore'
[1.414s] Level 1:colcon.colcon_core.package_identification:_identify(log) ignored
[1.414s] Level 1:colcon.colcon_core.package_identification:_identify(src) by extensions ['ignore', 'ignore_ament_install']
[1.414s] Level 1:colcon.colcon_core.package_identification:_identify(src) by extension 'ignore'
[1.414s] Level 1:colcon.colcon_core.package_identification:_identify(src) by extension 'ignore_ament_install'
[1.414s] Level 1:colcon.colcon_core.package_identification:_identify(src) by extensions ['colcon_pkg']
[1.414s] Level 1:colcon.colcon_core.package_identification:_identify(src) by extension 'colcon_pkg'
[1.414s] Level 1:colcon.colcon_core.package_identification:_identify(src) by extensions ['colcon_meta']
[1.414s] Level 1:colcon.colcon_core.package_identification:_identify(src) by extension 'colcon_meta'
[1.414s] Level 1:colcon.colcon_core.package_identification:_identify(src) by extensions ['ros']
[1.414s] Level 1:colcon.colcon_core.package_identification:_identify(src) by extension 'ros'
[1.414s] Level 1:colcon.colcon_core.package_identification:_identify(src) by extensions ['cmake', 'python']
[1.414s] Level 1:colcon.colcon_core.package_identification:_identify(src) by extension 'cmake'
[1.414s] Level 1:colcon.colcon_core.package_identification:_identify(src) by extension 'python'
[1.414s] Level 1:colcon.colcon_core.package_identification:_identify(src) by extensions ['python_setup_py']
[1.414s] Level 1:colcon.colcon_core.package_identification:_identify(src) by extension 'python_setup_py'
[1.414s] Level 1:colcon.colcon_core.package_identification:_identify(src/my_cool_robot_bringup_package) by extensions ['ignore', 'ignore_ament_install']
[1.414s] Level 1:colcon.colcon_core.package_identification:_identify(src/my_cool_robot_bringup_package) by extension 'ignore'
[1.414s] Level 1:colcon.colcon_core.package_identification:_identify(src/my_cool_robot_bringup_package) by extension 'ignore_ament_install'
[1.415s] Level 1:colcon.colcon_core.package_identification:_identify(src/my_cool_robot_bringup_package) by extensions ['colcon_pkg']
[1.415s] Level 1:colcon.colcon_core.package_identification:_identify(src/my_cool_robot_bringup_package) by extension 'colcon_pkg'
[1.415s] Level 1:colcon.colcon_core.package_identification:_identify(src/my_cool_robot_bringup_package) by extensions ['colcon_meta']
[1.415s] Level 1:colcon.colcon_core.package_identification:_identify(src/my_cool_robot_bringup_package) by extension 'colcon_meta'
[1.415s] Level 1:colcon.colcon_core.package_identification:_identify(src/my_cool_robot_bringup_package) by extensions ['ros']
[1.415s] Level 1:colcon.colcon_core.package_identification:_identify(src/my_cool_robot_bringup_package) by extension 'ros'
[1.417s] DEBUG:colcon.colcon_core.package_identification:Package 'src/my_cool_robot_bringup_package' with type 'ros.ament_cmake' and name 'my_cool_robot_bringup_package'
[1.417s] Level 1:colcon.colcon_core.package_identification:_identify(src/my_cool_robot_control_package) by extensions ['ignore', 'ignore_ament_install']
[1.418s] Level 1:colcon.colcon_core.package_identification:_identify(src/my_cool_robot_control_package) by extension 'ignore'
[1.418s] Level 1:colcon.colcon_core.package_identification:_identify(src/my_cool_robot_control_package) by extension 'ignore_ament_install'
[1.418s] Level 1:colcon.colcon_core.package_identification:_identify(src/my_cool_robot_control_package) by extensions ['colcon_pkg']
[1.418s] Level 1:colcon.colcon_core.package_identification:_identify(src/my_cool_robot_control_package) by extension 'colcon_pkg'
[1.418s] Level 1:colcon.colcon_core.package_identification:_identify(src/my_cool_robot_control_package) by extensions ['colcon_meta']
[1.418s] Level 1:colcon.colcon_core.package_identification:_identify(src/my_cool_robot_control_package) by extension 'colcon_meta'
[1.418s] Level 1:colcon.colcon_core.package_identification:_identify(src/my_cool_robot_control_package) by extensions ['ros']
[1.418s] Level 1:colcon.colcon_core.package_identification:_identify(src/my_cool_robot_control_package) by extension 'ros'
[1.420s] DEBUG:colcon.colcon_core.package_identification:Package 'src/my_cool_robot_control_package' with type 'ros.ament_cmake' and name 'my_cool_robot_control_package'
[1.420s] Level 1:colcon.colcon_core.package_identification:_identify(src/my_cool_robot_controller_package) by extensions ['ignore', 'ignore_ament_install']
[1.420s] Level 1:colcon.colcon_core.package_identification:_identify(src/my_cool_robot_controller_package) by extension 'ignore'
[1.420s] Level 1:colcon.colcon_core.package_identification:_identify(src/my_cool_robot_controller_package) by extension 'ignore_ament_install'
[1.420s] Level 1:colcon.colcon_core.package_identification:_identify(src/my_cool_robot_controller_package) by extensions ['colcon_pkg']
[1.420s] Level 1:colcon.colcon_core.package_identification:_identify(src/my_cool_robot_controller_package) by extension 'colcon_pkg'
[1.420s] Level 1:colcon.colcon_core.package_identification:_identify(src/my_cool_robot_controller_package) by extensions ['colcon_meta']
[1.420s] Level 1:colcon.colcon_core.package_identification:_identify(src/my_cool_robot_controller_package) by extension 'colcon_meta'
[1.420s] Level 1:colcon.colcon_core.package_identification:_identify(src/my_cool_robot_controller_package) by extensions ['ros']
[1.420s] Level 1:colcon.colcon_core.package_identification:_identify(src/my_cool_robot_controller_package) by extension 'ros'
[1.421s] DEBUG:colcon.colcon_core.package_identification:Package 'src/my_cool_robot_controller_package' with type 'ros.ament_cmake' and name 'my_cool_robot_controller_package'
[1.421s] Level 1:colcon.colcon_core.package_identification:_identify(src/my_cool_robot_description_package) by extensions ['ignore', 'ignore_ament_install']
[1.421s] Level 1:colcon.colcon_core.package_identification:_identify(src/my_cool_robot_description_package) by extension 'ignore'
[1.421s] Level 1:colcon.colcon_core.package_identification:_identify(src/my_cool_robot_description_package) by extension 'ignore_ament_install'
[1.422s] Level 1:colcon.colcon_core.package_identification:_identify(src/my_cool_robot_description_package) by extensions ['colcon_pkg']
[1.422s] Level 1:colcon.colcon_core.package_identification:_identify(src/my_cool_robot_description_package) by extension 'colcon_pkg'
[1.422s] Level 1:colcon.colcon_core.package_identification:_identify(src/my_cool_robot_description_package) by extensions ['colcon_meta']
[1.422s] Level 1:colcon.colcon_core.package_identification:_identify(src/my_cool_robot_description_package) by extension 'colcon_meta'
[1.422s] Level 1:colcon.colcon_core.package_identification:_identify(src/my_cool_robot_description_package) by extensions ['ros']
[1.422s] Level 1:colcon.colcon_core.package_identification:_identify(src/my_cool_robot_description_package) by extension 'ros'
[1.423s] DEBUG:colcon.colcon_core.package_identification:Package 'src/my_cool_robot_description_package' with type 'ros.ament_cmake' and name 'my_cool_robot_description_package'
[1.423s] Level 1:colcon.colcon_core.package_identification:_identify(src/my_new_package) by extensions ['ignore', 'ignore_ament_install']
[1.423s] Level 1:colcon.colcon_core.package_identification:_identify(src/my_new_package) by extension 'ignore'
[1.423s] Level 1:colcon.colcon_core.package_identification:_identify(src/my_new_package) by extension 'ignore_ament_install'
[1.423s] Level 1:colcon.colcon_core.package_identification:_identify(src/my_new_package) by extensions ['colcon_pkg']
[1.423s] Level 1:colcon.colcon_core.package_identification:_identify(src/my_new_package) by extension 'colcon_pkg'
[1.423s] Level 1:colcon.colcon_core.package_identification:_identify(src/my_new_package) by extensions ['colcon_meta']
[1.423s] Level 1:colcon.colcon_core.package_identification:_identify(src/my_new_package) by extension 'colcon_meta'
[1.423s] Level 1:colcon.colcon_core.package_identification:_identify(src/my_new_package) by extensions ['ros']
[1.423s] Level 1:colcon.colcon_core.package_identification:_identify(src/my_new_package) by extension 'ros'
[1.424s] DEBUG:colcon.colcon_core.package_identification:Package 'src/my_new_package' with type 'ros.ament_cmake' and name 'my_new_package'
[1.424s] Level 1:colcon.colcon_core.package_identification:_identify(src/my_test_package) by extensions ['ignore', 'ignore_ament_install']
[1.424s] Level 1:colcon.colcon_core.package_identification:_identify(src/my_test_package) by extension 'ignore'
[1.424s] Level 1:colcon.colcon_core.package_identification:_identify(src/my_test_package) by extension 'ignore_ament_install'
[1.424s] Level 1:colcon.colcon_core.package_identification:_identify(src/my_test_package) by extensions ['colcon_pkg']
[1.424s] Level 1:colcon.colcon_core.package_identification:_identify(src/my_test_package) by extension 'colcon_pkg'
[1.424s] Level 1:colcon.colcon_core.package_identification:_identify(src/my_test_package) by extensions ['colcon_meta']
[1.424s] Level 1:colcon.colcon_core.package_identification:_identify(src/my_test_package) by extension 'colcon_meta'
[1.424s] Level 1:colcon.colcon_core.package_identification:_identify(src/my_test_package) by extensions ['ros']
[1.424s] Level 1:colcon.colcon_core.package_identification:_identify(src/my_test_package) by extension 'ros'
[1.424s] DEBUG:colcon.colcon_core.package_identification:Package 'src/my_test_package' with type 'ros.ament_python' and name 'my_test_package'
[1.425s] Level 1:colcon.colcon_core.package_identification:_identify(src/my_test_package_pub_cpp) by extensions ['ignore', 'ignore_ament_install']
[1.425s] Level 1:colcon.colcon_core.package_identification:_identify(src/my_test_package_pub_cpp) by extension 'ignore'
[1.425s] Level 1:colcon.colcon_core.package_identification:_identify(src/my_test_package_pub_cpp) by extension 'ignore_ament_install'
[1.425s] Level 1:colcon.colcon_core.package_identification:_identify(src/my_test_package_pub_cpp) by extensions ['colcon_pkg']
[1.425s] Level 1:colcon.colcon_core.package_identification:_identify(src/my_test_package_pub_cpp) by extension 'colcon_pkg'
[1.425s] Level 1:colcon.colcon_core.package_identification:_identify(src/my_test_package_pub_cpp) by extensions ['colcon_meta']
[1.425s] Level 1:colcon.colcon_core.package_identification:_identify(src/my_test_package_pub_cpp) by extension 'colcon_meta'
[1.425s] Level 1:colcon.colcon_core.package_identification:_identify(src/my_test_package_pub_cpp) by extensions ['ros']
[1.425s] Level 1:colcon.colcon_core.package_identification:_identify(src/my_test_package_pub_cpp) by extension 'ros'
[1.425s] DEBUG:colcon.colcon_core.package_identification:Package 'src/my_test_package_pub_cpp' with type 'ros.ament_cmake' and name 'my_test_package_pub_cpp'
[1.425s] Level 1:colcon.colcon_core.package_discovery:discover_packages(recursive) using defaults
[1.425s] Level 1:colcon.colcon_core.package_discovery:discover_packages(ignore) discover
[1.425s] Level 1:colcon.colcon_core.package_discovery:discover_packages(ignore) using defaults
[1.425s] Level 1:colcon.colcon_core.package_discovery:discover_packages(path) discover
[1.425s] Level 1:colcon.colcon_core.package_discovery:discover_packages(path) using defaults
[1.470s] Level 1:colcon.colcon_core.package_discovery:discover_packages(prefix_path) check parameters
[1.470s] Level 1:colcon.colcon_core.package_discovery:discover_packages(prefix_path) discover
[1.481s] DEBUG:colcon.colcon_installed_package_information.package_discovery:Found 70 installed packages in /home/valerio/ws_moveit/install
[1.482s] DEBUG:colcon.colcon_installed_package_information.package_discovery:Found 1 installed packages in /home/valerio/ros2_ws/install
[1.483s] DEBUG:colcon.colcon_installed_package_information.package_discovery:Found 475 installed packages in /opt/ros/humble
[1.485s] Level 1:colcon.colcon_core.package_discovery:discover_packages(prefix_path) using defaults
[1.821s] Level 5:colcon.colcon_core.verb:set package 'my_cool_robot_bringup_package' build argument 'cmake_args' from command line to 'None'
[1.821s] Level 5:colcon.colcon_core.verb:set package 'my_cool_robot_bringup_package' build argument 'cmake_target' from command line to 'None'
[1.821s] Level 5:colcon.colcon_core.verb:set package 'my_cool_robot_bringup_package' build argument 'cmake_target_skip_unavailable' from command line to 'False'
[1.821s] Level 5:colcon.colcon_core.verb:set package 'my_cool_robot_bringup_package' build argument 'cmake_clean_cache' from command line to 'False'
[1.821s] Level 5:colcon.colcon_core.verb:set package 'my_cool_robot_bringup_package' build argument 'cmake_clean_first' from command line to 'False'
[1.821s] Level 5:colcon.colcon_core.verb:set package 'my_cool_robot_bringup_package' build argument 'cmake_force_configure' from command line to 'False'
[1.821s] Level 5:colcon.colcon_core.verb:set package 'my_cool_robot_bringup_package' build argument 'ament_cmake_args' from command line to 'None'
[1.821s] Level 5:colcon.colcon_core.verb:set package 'my_cool_robot_bringup_package' build argument 'catkin_cmake_args' from command line to 'None'
[1.821s] Level 5:colcon.colcon_core.verb:set package 'my_cool_robot_bringup_package' build argument 'catkin_skip_building_tests' from command line to 'False'
[1.821s] DEBUG:colcon.colcon_core.verb:Building package 'my_cool_robot_bringup_package' with the following arguments: {'ament_cmake_args': None, 'build_base': '/home/valerio/RTW_my_workspace/build/my_cool_robot_bringup_package', 'catkin_cmake_args': None, 'catkin_skip_building_tests': False, 'cmake_args': None, 'cmake_clean_cache': False, 'cmake_clean_first': False, 'cmake_force_configure': False, 'cmake_target': None, 'cmake_target_skip_unavailable': False, 'install_base': '/home/valerio/RTW_my_workspace/install/my_cool_robot_bringup_package', 'merge_install': False, 'path': '/home/valerio/RTW_my_workspace/src/my_cool_robot_bringup_package', 'symlink_install': False, 'test_result_base': None}
[1.821s] Level 5:colcon.colcon_core.verb:set package 'my_cool_robot_control_package' build argument 'cmake_args' from command line to 'None'
[1.821s] Level 5:colcon.colcon_core.verb:set package 'my_cool_robot_control_package' build argument 'cmake_target' from command line to 'None'
[1.821s] Level 5:colcon.colcon_core.verb:set package 'my_cool_robot_control_package' build argument 'cmake_target_skip_unavailable' from command line to 'False'
[1.821s] Level 5:colcon.colcon_core.verb:set package 'my_cool_robot_control_package' build argument 'cmake_clean_cache' from command line to 'False'
[1.821s] Level 5:colcon.colcon_core.verb:set package 'my_cool_robot_control_package' build argument 'cmake_clean_first' from command line to 'False'
[1.821s] Level 5:colcon.colcon_core.verb:set package 'my_cool_robot_control_package' build argument 'cmake_force_configure' from command line to 'False'
[1.821s] Level 5:colcon.colcon_core.verb:set package 'my_cool_robot_control_package' build argument 'ament_cmake_args' from command line to 'None'
[1.821s] Level 5:colcon.colcon_core.verb:set package 'my_cool_robot_control_package' build argument 'catkin_cmake_args' from command line to 'None'
[1.822s] Level 5:colcon.colcon_core.verb:set package 'my_cool_robot_control_package' build argument 'catkin_skip_building_tests' from command line to 'False'
[1.822s] DEBUG:colcon.colcon_core.verb:Building package 'my_cool_robot_control_package' with the following arguments: {'ament_cmake_args': None, 'build_base': '/home/valerio/RTW_my_workspace/build/my_cool_robot_control_package', 'catkin_cmake_args': None, 'catkin_skip_building_tests': False, 'cmake_args': None, 'cmake_clean_cache': False, 'cmake_clean_first': False, 'cmake_force_configure': False, 'cmake_target': None, 'cmake_target_skip_unavailable': False, 'install_base': '/home/valerio/RTW_my_workspace/install/my_cool_robot_control_package', 'merge_install': False, 'path': '/home/valerio/RTW_my_workspace/src/my_cool_robot_control_package', 'symlink_install': False, 'test_result_base': None}
[1.822s] Level 5:colcon.colcon_core.verb:set package 'my_cool_robot_controller_package' build argument 'cmake_args' from command line to 'None'
[1.822s] Level 5:colcon.colcon_core.verb:set package 'my_cool_robot_controller_package' build argument 'cmake_target' from command line to 'None'
[1.822s] Level 5:colcon.colcon_core.verb:set package 'my_cool_robot_controller_package' build argument 'cmake_target_skip_unavailable' from command line to 'False'
[1.822s] Level 5:colcon.colcon_core.verb:set package 'my_cool_robot_controller_package' build argument 'cmake_clean_cache' from command line to 'False'
[1.822s] Level 5:colcon.colcon_core.verb:set package 'my_cool_robot_controller_package' build argument 'cmake_clean_first' from command line to 'False'
[1.822s] Level 5:colcon.colcon_core.verb:set package 'my_cool_robot_controller_package' build argument 'cmake_force_configure' from command line to 'False'
[1.822s] Level 5:colcon.colcon_core.verb:set package 'my_cool_robot_controller_package' build argument 'ament_cmake_args' from command line to 'None'
[1.822s] Level 5:colcon.colcon_core.verb:set package 'my_cool_robot_controller_package' build argument 'catkin_cmake_args' from command line to 'None'
[1.822s] Level 5:colcon.colcon_core.verb:set package 'my_cool_robot_controller_package' build argument 'catkin_skip_building_tests' from command line to 'False'
[1.822s] DEBUG:colcon.colcon_core.verb:Building package 'my_cool_robot_controller_package' with the following arguments: {'ament_cmake_args': None, 'build_base': '/home/valerio/RTW_my_workspace/build/my_cool_robot_controller_package', 'catkin_cmake_args': None, 'catkin_skip_building_tests': False, 'cmake_args': None, 'cmake_clean_cache': False, 'cmake_clean_first': False, 'cmake_force_configure': False, 'cmake_target': None, 'cmake_target_skip_unavailable': False, 'install_base': '/home/valerio/RTW_my_workspace/install/my_cool_robot_controller_package', 'merge_install': False, 'path': '/home/valerio/RTW_my_workspace/src/my_cool_robot_controller_package', 'symlink_install': False, 'test_result_base': None}
[1.822s] Level 5:colcon.colcon_core.verb:set package 'my_cool_robot_description_package' build argument 'cmake_args' from command line to 'None'
[1.822s] Level 5:colcon.colcon_core.verb:set package 'my_cool_robot_description_package' build argument 'cmake_target' from command line to 'None'
[1.822s] Level 5:colcon.colcon_core.verb:set package 'my_cool_robot_description_package' build argument 'cmake_target_skip_unavailable' from command line to 'False'
[1.822s] Level 5:colcon.colcon_core.verb:set package 'my_cool_robot_description_package' build argument 'cmake_clean_cache' from command line to 'False'
[1.822s] Level 5:colcon.colcon_core.verb:set package 'my_cool_robot_description_package' build argument 'cmake_clean_first' from command line to 'False'
[1.822s] Level 5:colcon.colcon_core.verb:set package 'my_cool_robot_description_package' build argument 'cmake_force_configure' from command line to 'False'
[1.822s] Level 5:colcon.colcon_core.verb:set package 'my_cool_robot_description_package' build argument 'ament_cmake_args' from command line to 'None'
[1.822s] Level 5:colcon.colcon_core.verb:set package 'my_cool_robot_description_package' build argument 'catkin_cmake_args' from command line to 'None'
[1.822s] Level 5:colcon.colcon_core.verb:set package 'my_cool_robot_description_package' build argument 'catkin_skip_building_tests' from command line to 'False'
[1.822s] DEBUG:colcon.colcon_core.verb:Building package 'my_cool_robot_description_package' with the following arguments: {'ament_cmake_args': None, 'build_base': '/home/valerio/RTW_my_workspace/build/my_cool_robot_description_package', 'catkin_cmake_args': None, 'catkin_skip_building_tests': False, 'cmake_args': None, 'cmake_clean_cache': False, 'cmake_clean_first': False, 'cmake_force_configure': False, 'cmake_target': None, 'cmake_target_skip_unavailable': False, 'install_base': '/home/valerio/RTW_my_workspace/install/my_cool_robot_description_package', 'merge_install': False, 'path': '/home/valerio/RTW_my_workspace/src/my_cool_robot_description_package', 'symlink_install': False, 'test_result_base': None}
[1.822s] Level 5:colcon.colcon_core.verb:set package 'my_new_package' build argument 'cmake_args' from command line to 'None'
[1.822s] Level 5:colcon.colcon_core.verb:set package 'my_new_package' build argument 'cmake_target' from command line to 'None'
[1.822s] Level 5:colcon.colcon_core.verb:set package 'my_new_package' build argument 'cmake_target_skip_unavailable' from command line to 'False'
[1.822s] Level 5:colcon.colcon_core.verb:set package 'my_new_package' build argument 'cmake_clean_cache' from command line to 'False'
[1.822s] Level 5:colcon.colcon_core.verb:set package 'my_new_package' build argument 'cmake_clean_first' from command line to 'False'
[1.822s] Level 5:colcon.colcon_core.verb:set package 'my_new_package' build argument 'cmake_force_configure' from command line to 'False'
[1.822s] Level 5:colcon.colcon_core.verb:set package 'my_new_package' build argument 'ament_cmake_args' from command line to 'None'
[1.822s] Level 5:colcon.colcon_core.verb:set package 'my_new_package' build argument 'catkin_cmake_args' from command line to 'None'
[1.822s] Level 5:colcon.colcon_core.verb:set package 'my_new_package' build argument 'catkin_skip_building_tests' from command line to 'False'
[1.822s] DEBUG:colcon.colcon_core.verb:Building package 'my_new_package' with the following arguments: {'ament_cmake_args': None, 'build_base': '/home/valerio/RTW_my_workspace/build/my_new_package', 'catkin_cmake_args': None, 'catkin_skip_building_tests': False, 'cmake_args': None, 'cmake_clean_cache': False, 'cmake_clean_first': False, 'cmake_force_configure': False, 'cmake_target': None, 'cmake_target_skip_unavailable': False, 'install_base': '/home/valerio/RTW_my_workspace/install/my_new_package', 'merge_install': False, 'path': '/home/valerio/RTW_my_workspace/src/my_new_package', 'symlink_install': False, 'test_result_base': None}
[1.822s] Level 5:colcon.colcon_core.verb:set package 'my_test_package' build argument 'cmake_args' from command line to 'None'
[1.822s] Level 5:colcon.colcon_core.verb:set package 'my_test_package' build argument 'cmake_target' from command line to 'None'
[1.822s] Level 5:colcon.colcon_core.verb:set package 'my_test_package' build argument 'cmake_target_skip_unavailable' from command line to 'False'
[1.822s] Level 5:colcon.colcon_core.verb:set package 'my_test_package' build argument 'cmake_clean_cache' from command line to 'False'
[1.822s] Level 5:colcon.colcon_core.verb:set package 'my_test_package' build argument 'cmake_clean_first' from command line to 'False'
[1.822s] Level 5:colcon.colcon_core.verb:set package 'my_test_package' build argument 'cmake_force_configure' from command line to 'False'
[1.822s] Level 5:colcon.colcon_core.verb:set package 'my_test_package' build argument 'ament_cmake_args' from command line to 'None'
[1.822s] Level 5:colcon.colcon_core.verb:set package 'my_test_package' build argument 'catkin_cmake_args' from command line to 'None'
[1.822s] Level 5:colcon.colcon_core.verb:set package 'my_test_package' build argument 'catkin_skip_building_tests' from command line to 'False'
[1.823s] DEBUG:colcon.colcon_core.verb:Building package 'my_test_package' with the following arguments: {'ament_cmake_args': None, 'build_base': '/home/valerio/RTW_my_workspace/build/my_test_package', 'catkin_cmake_args': None, 'catkin_skip_building_tests': False, 'cmake_args': None, 'cmake_clean_cache': False, 'cmake_clean_first': False, 'cmake_force_configure': False, 'cmake_target': None, 'cmake_target_skip_unavailable': False, 'install_base': '/home/valerio/RTW_my_workspace/install/my_test_package', 'merge_install': False, 'path': '/home/valerio/RTW_my_workspace/src/my_test_package', 'symlink_install': False, 'test_result_base': None}
[1.823s] Level 5:colcon.colcon_core.verb:set package 'my_test_package_pub_cpp' build argument 'cmake_args' from command line to 'None'
[1.823s] Level 5:colcon.colcon_core.verb:set package 'my_test_package_pub_cpp' build argument 'cmake_target' from command line to 'None'
[1.823s] Level 5:colcon.colcon_core.verb:set package 'my_test_package_pub_cpp' build argument 'cmake_target_skip_unavailable' from command line to 'False'
[1.823s] Level 5:colcon.colcon_core.verb:set package 'my_test_package_pub_cpp' build argument 'cmake_clean_cache' from command line to 'False'
[1.823s] Level 5:colcon.colcon_core.verb:set package 'my_test_package_pub_cpp' build argument 'cmake_clean_first' from command line to 'False'
[1.823s] Level 5:colcon.colcon_core.verb:set package 'my_test_package_pub_cpp' build argument 'cmake_force_configure' from command line to 'False'
[1.823s] Level 5:colcon.colcon_core.verb:set package 'my_test_package_pub_cpp' build argument 'ament_cmake_args' from command line to 'None'
[1.823s] Level 5:colcon.colcon_core.verb:set package 'my_test_package_pub_cpp' build argument 'catkin_cmake_args' from command line to 'None'
[1.823s] Level 5:colcon.colcon_core.verb:set package 'my_test_package_pub_cpp' build argument 'catkin_skip_building_tests' from command line to 'False'
[1.823s] DEBUG:colcon.colcon_core.verb:Building package 'my_test_package_pub_cpp' with the following arguments: {'ament_cmake_args': None, 'build_base': '/home/valerio/RTW_my_workspace/build/my_test_package_pub_cpp', 'catkin_cmake_args': None, 'catkin_skip_building_tests': False, 'cmake_args': None, 'cmake_clean_cache': False, 'cmake_clean_first': False, 'cmake_force_configure': False, 'cmake_target': None, 'cmake_target_skip_unavailable': False, 'install_base': '/home/valerio/RTW_my_workspace/install/my_test_package_pub_cpp', 'merge_install': False, 'path': '/home/valerio/RTW_my_workspace/src/my_test_package_pub_cpp', 'symlink_install': False, 'test_result_base': None}
[1.823s] INFO:colcon.colcon_core.executor:Executing jobs using 'parallel' executor
[1.823s] DEBUG:colcon.colcon_parallel_executor.executor.parallel:run_until_complete
[1.824s] INFO:colcon.colcon_ros.task.ament_cmake.build:Building ROS package in '/home/valerio/RTW_my_workspace/src/my_cool_robot_bringup_package' with build type 'ament_cmake'
[1.824s] INFO:colcon.colcon_cmake.task.cmake.build:Building CMake package in '/home/valerio/RTW_my_workspace/src/my_cool_robot_bringup_package'
[1.834s] INFO:colcon.colcon_core.plugin_system:Skipping extension 'colcon_core.shell.bat': Not used on non-Windows systems
[1.834s] INFO:colcon.colcon_core.shell:Skip shell extension 'powershell' for command environment: Not usable outside of PowerShell
[1.834s] DEBUG:colcon.colcon_core.shell:Skip shell extension 'dsv' for command environment
[1.840s] INFO:colcon.colcon_ros.task.ament_cmake.build:Building ROS package in '/home/valerio/RTW_my_workspace/src/my_cool_robot_control_package' with build type 'ament_cmake'
[1.840s] INFO:colcon.colcon_cmake.task.cmake.build:Building CMake package in '/home/valerio/RTW_my_workspace/src/my_cool_robot_control_package'
[1.840s] INFO:colcon.colcon_core.shell:Skip shell extension 'powershell' for command environment: Not usable outside of PowerShell
[1.840s] DEBUG:colcon.colcon_core.shell:Skip shell extension 'dsv' for command environment
[1.844s] INFO:colcon.colcon_ros.task.ament_cmake.build:Building ROS package in '/home/valerio/RTW_my_workspace/src/my_cool_robot_controller_package' with build type 'ament_cmake'
[1.844s] INFO:colcon.colcon_cmake.task.cmake.build:Building CMake package in '/home/valerio/RTW_my_workspace/src/my_cool_robot_controller_package'
[1.845s] INFO:colcon.colcon_core.shell:Skip shell extension 'powershell' for command environment: Not usable outside of PowerShell
[1.845s] DEBUG:colcon.colcon_core.shell:Skip shell extension 'dsv' for command environment
[1.849s] INFO:colcon.colcon_ros.task.ament_cmake.build:Building ROS package in '/home/valerio/RTW_my_workspace/src/my_cool_robot_description_package' with build type 'ament_cmake'
[1.849s] INFO:colcon.colcon_cmake.task.cmake.build:Building CMake package in '/home/valerio/RTW_my_workspace/src/my_cool_robot_description_package'
[1.849s] INFO:colcon.colcon_core.shell:Skip shell extension 'powershell' for command environment: Not usable outside of PowerShell
[1.849s] DEBUG:colcon.colcon_core.shell:Skip shell extension 'dsv' for command environment
[1.854s] INFO:colcon.colcon_ros.task.ament_cmake.build:Building ROS package in '/home/valerio/RTW_my_workspace/src/my_new_package' with build type 'ament_cmake'
[1.854s] INFO:colcon.colcon_cmake.task.cmake.build:Building CMake package in '/home/valerio/RTW_my_workspace/src/my_new_package'
[1.854s] INFO:colcon.colcon_core.shell:Skip shell extension 'powershell' for command environment: Not usable outside of PowerShell
[1.854s] DEBUG:colcon.colcon_core.shell:Skip shell extension 'dsv' for command environment
[1.859s] INFO:colcon.colcon_ros.task.ament_python.build:Building ROS package in '/home/valerio/RTW_my_workspace/src/my_test_package' with build type 'ament_python'
[1.859s] Level 1:colcon.colcon_core.shell:create_environment_hook('my_test_package', 'ament_prefix_path')
[1.859s] INFO:colcon.colcon_core.shell:Creating environment hook '/home/valerio/RTW_my_workspace/install/my_test_package/share/my_test_package/hook/ament_prefix_path.ps1'
[1.859s] INFO:colcon.colcon_core.shell:Creating environment descriptor '/home/valerio/RTW_my_workspace/install/my_test_package/share/my_test_package/hook/ament_prefix_path.dsv'
[1.860s] INFO:colcon.colcon_core.shell:Creating environment hook '/home/valerio/RTW_my_workspace/install/my_test_package/share/my_test_package/hook/ament_prefix_path.sh'
[1.860s] INFO:colcon.colcon_core.shell:Skip shell extension 'powershell' for command environment: Not usable outside of PowerShell
[1.860s] DEBUG:colcon.colcon_core.shell:Skip shell extension 'dsv' for command environment
[1.865s] INFO:colcon.colcon_ros.task.ament_cmake.build:Building ROS package in '/home/valerio/RTW_my_workspace/src/my_test_package_pub_cpp' with build type 'ament_cmake'
[1.865s] INFO:colcon.colcon_cmake.task.cmake.build:Building CMake package in '/home/valerio/RTW_my_workspace/src/my_test_package_pub_cpp'
[1.865s] INFO:colcon.colcon_core.shell:Skip shell extension 'powershell' for command environment: Not usable outside of PowerShell
[1.865s] DEBUG:colcon.colcon_core.shell:Skip shell extension 'dsv' for command environment
[1.873s] DEBUG:colcon.colcon_core.event_handler.log_command:Invoking command in '/home/valerio/RTW_my_workspace/build/my_cool_robot_bringup_package': CMAKE_PREFIX_PATH=${CMAKE_PREFIX_PATH}:/home/valerio/ros2_ws/install/my_robot_controller:/home/valerio/ws_moveit/install/moveit_configs_utils:/opt/ros/humble CONDA_PROMPT_MODIFIER=(base) PS1=\[\e]0;$(parse_ros_workspace)\a\]\[\e[1;32m\]\u\[\[\e[0;37m\]@\[\[\e[0;33m\]\h\[\[\e[1;33m\]${text}\[\[\e[0;37m\]:\[$(set_ros_workspace_color)\]$(parse_ros_workspace)\[\[\e[0;32m\]$(parse_git_bracket)\[$(set_git_color)\]$(get_gitbranch)\[\e[0;32m\]>\[\e[1;35m\]\W\[\[\e[1;35m\]$\[\[\e[0m\]\[\e[m\] /usr/bin/cmake /home/valerio/RTW_my_workspace/src/my_cool_robot_bringup_package -DCMAKE_INSTALL_PREFIX=/home/valerio/RTW_my_workspace/install/my_cool_robot_bringup_package
[1.878s] DEBUG:colcon.colcon_core.event_handler.log_command:Invoking command in '/home/valerio/RTW_my_workspace/build/my_cool_robot_control_package': CMAKE_PREFIX_PATH=${CMAKE_PREFIX_PATH}:/home/valerio/ros2_ws/install/my_robot_controller:/home/valerio/ws_moveit/install/moveit_configs_utils:/opt/ros/humble CONDA_PROMPT_MODIFIER=(base) PS1=\[\e]0;$(parse_ros_workspace)\a\]\[\e[1;32m\]\u\[\[\e[0;37m\]@\[\[\e[0;33m\]\h\[\[\e[1;33m\]${text}\[\[\e[0;37m\]:\[$(set_ros_workspace_color)\]$(parse_ros_workspace)\[\[\e[0;32m\]$(parse_git_bracket)\[$(set_git_color)\]$(get_gitbranch)\[\e[0;32m\]>\[\e[1;35m\]\W\[\[\e[1;35m\]$\[\[\e[0m\]\[\e[m\] /usr/bin/cmake /home/valerio/RTW_my_workspace/src/my_cool_robot_control_package -DCMAKE_INSTALL_PREFIX=/home/valerio/RTW_my_workspace/install/my_cool_robot_control_package
[1.880s] DEBUG:colcon.colcon_core.event_handler.log_command:Invoking command in '/home/valerio/RTW_my_workspace/build/my_cool_robot_controller_package': CMAKE_PREFIX_PATH=${CMAKE_PREFIX_PATH}:/home/valerio/ros2_ws/install/my_robot_controller:/home/valerio/ws_moveit/install/moveit_configs_utils:/opt/ros/humble CONDA_PROMPT_MODIFIER=(base) PS1=\[\e]0;$(parse_ros_workspace)\a\]\[\e[1;32m\]\u\[\[\e[0;37m\]@\[\[\e[0;33m\]\h\[\[\e[1;33m\]${text}\[\[\e[0;37m\]:\[$(set_ros_workspace_color)\]$(parse_ros_workspace)\[\[\e[0;32m\]$(parse_git_bracket)\[$(set_git_color)\]$(get_gitbranch)\[\e[0;32m\]>\[\e[1;35m\]\W\[\[\e[1;35m\]$\[\[\e[0m\]\[\e[m\] /usr/bin/cmake /home/valerio/RTW_my_workspace/src/my_cool_robot_controller_package -DCMAKE_INSTALL_PREFIX=/home/valerio/RTW_my_workspace/install/my_cool_robot_controller_package
[1.883s] DEBUG:colcon.colcon_core.event_handler.log_command:Invoking command in '/home/valerio/RTW_my_workspace/build/my_cool_robot_description_package': CMAKE_PREFIX_PATH=${CMAKE_PREFIX_PATH}:/home/valerio/ros2_ws/install/my_robot_controller:/home/valerio/ws_moveit/install/moveit_configs_utils:/opt/ros/humble CONDA_PROMPT_MODIFIER=(base) PS1=\[\e]0;$(parse_ros_workspace)\a\]\[\e[1;32m\]\u\[\[\e[0;37m\]@\[\[\e[0;33m\]\h\[\[\e[1;33m\]${text}\[\[\e[0;37m\]:\[$(set_ros_workspace_color)\]$(parse_ros_workspace)\[\[\e[0;32m\]$(parse_git_bracket)\[$(set_git_color)\]$(get_gitbranch)\[\e[0;32m\]>\[\e[1;35m\]\W\[\[\e[1;35m\]$\[\[\e[0m\]\[\e[m\] /usr/bin/cmake /home/valerio/RTW_my_workspace/src/my_cool_robot_description_package -DCMAKE_INSTALL_PREFIX=/home/valerio/RTW_my_workspace/install/my_cool_robot_description_package
[1.885s] DEBUG:colcon.colcon_core.event_handler.log_command:Invoking command in '/home/valerio/RTW_my_workspace/build/my_new_package': CMAKE_PREFIX_PATH=${CMAKE_PREFIX_PATH}:/home/valerio/ros2_ws/install/my_robot_controller:/home/valerio/ws_moveit/install/moveit_configs_utils:/opt/ros/humble CONDA_PROMPT_MODIFIER=(base) PS1=\[\e]0;$(parse_ros_workspace)\a\]\[\e[1;32m\]\u\[\[\e[0;37m\]@\[\[\e[0;33m\]\h\[\[\e[1;33m\]${text}\[\[\e[0;37m\]:\[$(set_ros_workspace_color)\]$(parse_ros_workspace)\[\[\e[0;32m\]$(parse_git_bracket)\[$(set_git_color)\]$(get_gitbranch)\[\e[0;32m\]>\[\e[1;35m\]\W\[\[\e[1;35m\]$\[\[\e[0m\]\[\e[m\] /usr/bin/cmake /home/valerio/RTW_my_workspace/src/my_new_package -DCMAKE_INSTALL_PREFIX=/home/valerio/RTW_my_workspace/install/my_new_package
[2.051s] INFO:colcon.colcon_core.task.python.build:Building Python package in '/home/valerio/RTW_my_workspace/src/my_test_package'
[2.051s] INFO:colcon.colcon_core.shell:Skip shell extension 'powershell' for command environment: Not usable outside of PowerShell
[2.051s] DEBUG:colcon.colcon_core.shell:Skip shell extension 'dsv' for command environment
[2.061s] DEBUG:colcon.colcon_core.event_handler.log_command:Invoking command in '/home/valerio/RTW_my_workspace/build/my_test_package_pub_cpp': CMAKE_PREFIX_PATH=${CMAKE_PREFIX_PATH}:/home/valerio/ros2_ws/install/my_robot_controller:/home/valerio/ws_moveit/install/moveit_configs_utils:/opt/ros/humble CONDA_PROMPT_MODIFIER=(base) PS1=\[\e]0;$(parse_ros_workspace)\a\]\[\e[1;32m\]\u\[\[\e[0;37m\]@\[\[\e[0;33m\]\h\[\[\e[1;33m\]${text}\[\[\e[0;37m\]:\[$(set_ros_workspace_color)\]$(parse_ros_workspace)\[\[\e[0;32m\]$(parse_git_bracket)\[$(set_git_color)\]$(get_gitbranch)\[\e[0;32m\]>\[\e[1;35m\]\W\[\[\e[1;35m\]$\[\[\e[0m\]\[\e[m\] /usr/bin/cmake /home/valerio/RTW_my_workspace/src/my_test_package_pub_cpp -DCMAKE_INSTALL_PREFIX=/home/valerio/RTW_my_workspace/install/my_test_package_pub_cpp
[2.061s] DEBUG:colcon.colcon_core.event_handler.log_command:Invoked command in '/home/valerio/RTW_my_workspace/build/my_cool_robot_controller_package' returned '1': CMAKE_PREFIX_PATH=${CMAKE_PREFIX_PATH}:/home/valerio/ros2_ws/install/my_robot_controller:/home/valerio/ws_moveit/install/moveit_configs_utils:/opt/ros/humble CONDA_PROMPT_MODIFIER=(base) PS1=\[\e]0;$(parse_ros_workspace)\a\]\[\e[1;32m\]\u\[\[\e[0;37m\]@\[\[\e[0;33m\]\h\[\[\e[1;33m\]${text}\[\[\e[0;37m\]:\[$(set_ros_workspace_color)\]$(parse_ros_workspace)\[\[\e[0;32m\]$(parse_git_bracket)\[$(set_git_color)\]$(get_gitbranch)\[\e[0;32m\]>\[\e[1;35m\]\W\[\[\e[1;35m\]$\[\[\e[0m\]\[\e[m\] /usr/bin/cmake /home/valerio/RTW_my_workspace/src/my_cool_robot_controller_package -DCMAKE_INSTALL_PREFIX=/home/valerio/RTW_my_workspace/install/my_cool_robot_controller_package
[2.075s] Level 1:colcon.colcon_core.environment:create_environment_scripts_only(my_cool_robot_controller_package)
[2.090s] Level 1:colcon.colcon_core.environment:checking '/home/valerio/RTW_my_workspace/install/my_cool_robot_controller_package' for CMake module files
[2.090s] Level 1:colcon.colcon_core.environment:checking '/home/valerio/RTW_my_workspace/install/my_cool_robot_controller_package' for CMake config files
[2.090s] Level 1:colcon.colcon_core.environment:checking '/home/valerio/RTW_my_workspace/install/my_cool_robot_controller_package/bin'
[2.090s] Level 1:colcon.colcon_core.environment:checking '/home/valerio/RTW_my_workspace/install/my_cool_robot_controller_package/lib/pkgconfig/my_cool_robot_controller_package.pc'
[2.090s] Level 1:colcon.colcon_core.environment:checking '/home/valerio/RTW_my_workspace/install/my_cool_robot_controller_package/lib/python3.10/site-packages'
[2.090s] Level 1:colcon.colcon_core.environment:checking '/home/valerio/RTW_my_workspace/install/my_cool_robot_controller_package/bin'
[2.091s] INFO:colcon.colcon_core.shell:Creating package script '/home/valerio/RTW_my_workspace/install/my_cool_robot_controller_package/share/my_cool_robot_controller_package/package.ps1'
[2.091s] INFO:colcon.colcon_core.shell:Creating package descriptor '/home/valerio/RTW_my_workspace/install/my_cool_robot_controller_package/share/my_cool_robot_controller_package/package.dsv'
[2.092s] INFO:colcon.colcon_core.shell:Creating package script '/home/valerio/RTW_my_workspace/install/my_cool_robot_controller_package/share/my_cool_robot_controller_package/package.sh'
[2.092s] INFO:colcon.colcon_core.shell:Creating package script '/home/valerio/RTW_my_workspace/install/my_cool_robot_controller_package/share/my_cool_robot_controller_package/package.bash'
[2.094s] INFO:colcon.colcon_core.shell:Creating package script '/home/valerio/RTW_my_workspace/install/my_cool_robot_controller_package/share/my_cool_robot_controller_package/package.zsh'
[2.095s] Level 1:colcon.colcon_core.environment:create_file_with_runtime_dependencies(/home/valerio/RTW_my_workspace/install/my_cool_robot_controller_package/share/colcon-core/packages/my_cool_robot_controller_package)
[7.405s] DEBUG:colcon.colcon_parallel_executor.executor.parallel:closing loop
[7.405s] DEBUG:colcon.colcon_parallel_executor.executor.parallel:loop closed
[7.405s] DEBUG:colcon.colcon_parallel_executor.executor.parallel:run_until_complete finished with '1'
[7.405s] DEBUG:colcon.colcon_core.event_reactor:joining thread
[7.418s] INFO:colcon.colcon_core.plugin_system:Skipping extension 'colcon_notification.desktop_notification.terminal_notifier': Not used on non-Darwin systems
[7.418s] INFO:colcon.colcon_core.plugin_system:Skipping extension 'colcon_notification.desktop_notification.win32': Not used on non-Windows systems
[7.418s] INFO:colcon.colcon_notification.desktop_notification:Sending desktop notification using 'notify2'
[7.428s] DEBUG:colcon.colcon_core.event_reactor:joined thread
[7.428s] INFO:colcon.colcon_core.shell:Creating prefix script '/home/valerio/RTW_my_workspace/install/local_setup.ps1'
[7.430s] INFO:colcon.colcon_core.shell:Creating prefix util module '/home/valerio/RTW_my_workspace/install/_local_setup_util_ps1.py'
[7.433s] INFO:colcon.colcon_core.shell:Creating prefix chain script '/home/valerio/RTW_my_workspace/install/setup.ps1'
[7.436s] INFO:colcon.colcon_core.shell:Creating prefix script '/home/valerio/RTW_my_workspace/install/local_setup.sh'
[7.437s] INFO:colcon.colcon_core.shell:Creating prefix util module '/home/valerio/RTW_my_workspace/install/_local_setup_util_sh.py'
[7.438s] INFO:colcon.colcon_core.shell:Creating prefix chain script '/home/valerio/RTW_my_workspace/install/setup.sh'
[7.440s] INFO:colcon.colcon_core.shell:Creating prefix script '/home/valerio/RTW_my_workspace/install/local_setup.bash'
[7.441s] INFO:colcon.colcon_core.shell:Creating prefix chain script '/home/valerio/RTW_my_workspace/install/setup.bash'
[7.443s] INFO:colcon.colcon_core.shell:Creating prefix script '/home/valerio/RTW_my_workspace/install/local_setup.zsh'
[7.444s] INFO:colcon.colcon_core.shell:Creating prefix chain script '/home/valerio/RTW_my_workspace/install/setup.zsh'
