-- The C compiler identification is GNU 11.4.0
-- The CXX compiler identification is GNU 11.4.0
-- Detecting C compiler ABI info
-- Detecting C compiler ABI info - done
-- Check for working C compiler: /usr/bin/cc - skipped
-- Detecting C compile features
-- Detecting C compile features - done
-- Detecting CXX compiler ABI info
-- Detecting CXX compiler ABI info - done
-- Check for working CXX compiler: /usr/bin/c++ - skipped
-- Detecting CXX compile features
-- Detecting CXX compile features - done
-- Found ament_cmake: 1.3.11 (/opt/ros/humble/share/ament_cmake/cmake)
-- Found Python3: /usr/bin/python3 (found version "3.10.12") found components: Interpreter 
-- Override CMake install command with custom implementation using symlinks instead of copying resources
-- Found hardware_interface: 2.50.0 (/opt/ros/humble/share/hardware_interface/cmake)
-- Found rosidl_generator_c: 3.1.6 (/opt/ros/humble/share/rosidl_generator_c/cmake)
-- Found rosidl_adapter: 3.1.6 (/opt/ros/humble/share/rosidl_adapter/cmake)
-- Found rosidl_generator_cpp: 3.1.6 (/opt/ros/humble/share/rosidl_generator_cpp/cmake)
-- Using all available rosidl_typesupport_c: rosidl_typesupport_fastrtps_c;rosidl_typesupport_introspection_c
-- Using all available rosidl_typesupport_cpp: rosidl_typesupport_fastrtps_cpp;rosidl_typesupport_introspection_cpp
-- Found rmw_implementation_cmake: 6.1.2 (/opt/ros/humble/share/rmw_implementation_cmake/cmake)
-- Found rmw_fastrtps_cpp: 6.2.7 (/opt/ros/humble/share/rmw_fastrtps_cpp/cmake)
-- Found TinyXML2 via Config file: TinyXML2_DIR-NOTFOUND
-- Found OpenSSL: /usr/lib/x86_64-linux-gnu/libcrypto.so (found version "3.0.2")  
-- Found TinyXML2 via Config file: TinyXML2_DIR-NOTFOUND
-- Found FastRTPS: /opt/ros/humble/include  
-- Found TinyXML2 via Config file: TinyXML2_DIR-NOTFOUND
-- Found TinyXML2 via Config file: TinyXML2_DIR-NOTFOUND
-- Using RMW implementation 'rmw_fastrtps_cpp' as default
-- Looking for pthread.h
-- Looking for pthread.h - found
-- Performing Test CMAKE_HAVE_LIBC_PTHREAD
-- Performing Test CMAKE_HAVE_LIBC_PTHREAD - Success
-- Found Threads: TRUE  
-- Found ament_lint_auto: 0.12.12 (/opt/ros/humble/share/ament_lint_auto/cmake)
-- Found gmock sources under '/opt/ros/humble/src/gmock_vendor': C++ tests using 'Google Mock' will be built
-- Found ament_cmake_gtest: 1.3.11 (/opt/ros/humble/share/ament_cmake_gtest/cmake)
-- Found gtest sources under '/opt/ros/humble/src/gtest_vendor': C++ tests using 'Google Test' will be built
-- Added test 'cppcheck' to perform static code analysis on C / C++ code
-- Configured cppcheck include dirs: /home/valerio/RTW_my_workspace/src/my_cool_robot_control_package/include
-- Configured cppcheck exclude dirs and/or files: 
-- Added test 'lint_cmake' to check CMake code style
-- Added test 'uncrustify' to check C / C++ code style
-- Configured uncrustify additional arguments: 
-- Added test 'xmllint' to check XML markup files
-- Configuring done
-- Generating done
-- Build files have been written to: /home/valerio/RTW_my_workspace/build/my_cool_robot_control_package
[ 11%] [32mBuilding CXX object CMakeFiles/my_cool_robot_control_package.dir/src/my_cool_robot_hardware.cpp.o[0m
[ 22%] [32mBuilding CXX object gmock/CMakeFiles/gmock.dir/opt/ros/humble/src/gtest_vendor/src/gtest-all.cc.o[0m
[ 33%] [32mBuilding CXX object gmock/CMakeFiles/gmock_main.dir/src/gmock_main.cc.o[0m
[ 44%] [32mBuilding CXX object gmock/CMakeFiles/gmock.dir/src/gmock-all.cc.o[0m
[ 55%] [32m[1mLinking CXX static library libgmock_main.a[0m
[ 55%] Built target gmock_main
[ 66%] [32m[1mLinking CXX shared library libmy_cool_robot_control_package.so[0m
[ 66%] Built target my_cool_robot_control_package
[ 77%] [32m[1mLinking CXX static library libgmock.a[0m
[ 77%] Built target gmock
[ 88%] [32mBuilding CXX object CMakeFiles/test_my_cool_robot_hardware.dir/test/test_my_cool_robot_hardware.cpp.o[0m
[100%] [32m[1mLinking CXX executable test_my_cool_robot_hardware[0m
[100%] Built target test_my_cool_robot_hardware
-- Install configuration: "RelWithDebInfo"
-- Execute custom install script
-- Symlinking: /home/valerio/RTW_my_workspace/install/my_cool_robot_control_package/share/my_cool_robot_control_package//my_cool_robot_control_package.xml
-- Symlinking: /home/valerio/RTW_my_workspace/install/my_cool_robot_control_package/lib/libmy_cool_robot_control_package.so
-- Symlinking: /home/valerio/RTW_my_workspace/install/my_cool_robot_control_package/include/my_cool_robot_control_package/my_cool_robot_hardware.hpp
-- Symlinking: /home/valerio/RTW_my_workspace/install/my_cool_robot_control_package/share/my_cool_robot_control_package/environment/library_path.sh
-- Symlinking: /home/valerio/RTW_my_workspace/install/my_cool_robot_control_package/share/my_cool_robot_control_package/environment/library_path.dsv
-- Symlinking: /home/valerio/RTW_my_workspace/install/my_cool_robot_control_package/share/ament_index/resource_index/package_run_dependencies/my_cool_robot_control_package
-- Symlinking: /home/valerio/RTW_my_workspace/install/my_cool_robot_control_package/share/ament_index/resource_index/parent_prefix_path/my_cool_robot_control_package
-- Symlinking: /home/valerio/RTW_my_workspace/install/my_cool_robot_control_package/share/my_cool_robot_control_package/environment/ament_prefix_path.sh
-- Symlinking: /home/valerio/RTW_my_workspace/install/my_cool_robot_control_package/share/my_cool_robot_control_package/environment/ament_prefix_path.dsv
-- Symlinking: /home/valerio/RTW_my_workspace/install/my_cool_robot_control_package/share/my_cool_robot_control_package/environment/path.sh
-- Symlinking: /home/valerio/RTW_my_workspace/install/my_cool_robot_control_package/share/my_cool_robot_control_package/environment/path.dsv
-- Symlinking: /home/valerio/RTW_my_workspace/install/my_cool_robot_control_package/share/my_cool_robot_control_package/local_setup.bash
-- Symlinking: /home/valerio/RTW_my_workspace/install/my_cool_robot_control_package/share/my_cool_robot_control_package/local_setup.sh
-- Symlinking: /home/valerio/RTW_my_workspace/install/my_cool_robot_control_package/share/my_cool_robot_control_package/local_setup.zsh
-- Symlinking: /home/valerio/RTW_my_workspace/install/my_cool_robot_control_package/share/my_cool_robot_control_package/local_setup.dsv
-- Symlinking: /home/valerio/RTW_my_workspace/install/my_cool_robot_control_package/share/my_cool_robot_control_package/package.dsv
-- Symlinking: /home/valerio/RTW_my_workspace/install/my_cool_robot_control_package/share/ament_index/resource_index/packages/my_cool_robot_control_package
-- Symlinking: /home/valerio/RTW_my_workspace/install/my_cool_robot_control_package/share/ament_index/resource_index/hardware_interface__pluginlib__plugin/my_cool_robot_control_package
-- Symlinking: /home/valerio/RTW_my_workspace/install/my_cool_robot_control_package/share/my_cool_robot_control_package/cmake/ament_cmake_export_include_directories-extras.cmake
-- Symlinking: /home/valerio/RTW_my_workspace/install/my_cool_robot_control_package/share/my_cool_robot_control_package/cmake/ament_cmake_export_libraries-extras.cmake
-- Symlinking: /home/valerio/RTW_my_workspace/install/my_cool_robot_control_package/share/my_cool_robot_control_package/cmake/ament_cmake_export_dependencies-extras.cmake
-- Symlinking: /home/valerio/RTW_my_workspace/install/my_cool_robot_control_package/share/my_cool_robot_control_package/cmake/my_cool_robot_control_packageConfig.cmake
-- Symlinking: /home/valerio/RTW_my_workspace/install/my_cool_robot_control_package/share/my_cool_robot_control_package/cmake/my_cool_robot_control_packageConfig-version.cmake
-- Symlinking: /home/valerio/RTW_my_workspace/install/my_cool_robot_control_package/share/my_cool_robot_control_package/package.xml
