[0.038s] Invoking command in '/home/valerio/RTW_my_workspace/build/my_cool_robot_control_package': CMAKE_PREFIX_PATH=${CMAKE_PREFIX_PATH}:/home/valerio/ros2_ws/install/my_robot_controller:/home/valerio/ws_moveit/install/moveit_configs_utils:/opt/ros/humble CONDA_PROMPT_MODIFIER=(base) PS1=\[\e]0;$(parse_ros_workspace)\a\]\[\e[1;32m\]\u\[\[\e[0;37m\]@\[\[\e[0;33m\]\h\[\[\e[1;33m\]${text}\[\[\e[0;37m\]:\[$(set_ros_workspace_color)\]$(parse_ros_workspace)\[\[\e[0;32m\]$(parse_git_bracket)\[$(set_git_color)\]$(get_gitbranch)\[\e[0;32m\]>\[\e[1;35m\]\W\[\[\e[1;35m\]$\[\[\e[0m\]\[\e[m\] /usr/bin/cmake /home/valerio/RTW_my_workspace/src/my_cool_robot_control_package -DCMAKE_INSTALL_PREFIX=/home/valerio/RTW_my_workspace/install/my_cool_robot_control_package
[0.217s] -- Found ament_cmake: 1.3.11 (/opt/ros/humble/share/ament_cmake/cmake)
[0.354s] -- Override CMake install command with custom implementation using symlinks instead of copying resources
[0.480s] -- Found hardware_interface: 2.50.0 (/opt/ros/humble/share/hardware_interface/cmake)
[0.573s] -- Found rosidl_generator_c: 3.1.6 (/opt/ros/humble/share/rosidl_generator_c/cmake)
[0.578s] -- Found rosidl_adapter: 3.1.6 (/opt/ros/humble/share/rosidl_adapter/cmake)
[0.592s] -- Found rosidl_generator_cpp: 3.1.6 (/opt/ros/humble/share/rosidl_generator_cpp/cmake)
[0.616s] -- Using all available rosidl_typesupport_c: rosidl_typesupport_fastrtps_c;rosidl_typesupport_introspection_c
[0.639s] -- Using all available rosidl_typesupport_cpp: rosidl_typesupport_fastrtps_cpp;rosidl_typesupport_introspection_cpp
[2.935s] -- Found rmw_implementation_cmake: 6.1.2 (/opt/ros/humble/share/rmw_implementation_cmake/cmake)
[2.975s] -- Found rmw_fastrtps_cpp: 6.2.7 (/opt/ros/humble/share/rmw_fastrtps_cpp/cmake)
[3.221s] -- Found TinyXML2 via Config file: TinyXML2_DIR-NOTFOUND
[3.319s] -- Found TinyXML2 via Config file: TinyXML2_DIR-NOTFOUND
[3.335s] -- Found TinyXML2 via Config file: TinyXML2_DIR-NOTFOUND
[3.342s] -- Found TinyXML2 via Config file: TinyXML2_DIR-NOTFOUND
[3.351s] -- Using RMW implementation 'rmw_fastrtps_cpp' as default
[3.872s] -- Found ament_lint_auto: 0.12.12 (/opt/ros/humble/share/ament_lint_auto/cmake)
[4.027s] -- Found gmock sources under '/opt/ros/humble/src/gmock_vendor': C++ tests using 'Google Mock' will be built
[4.077s] -- Found ament_cmake_gtest: 1.3.11 (/opt/ros/humble/share/ament_cmake_gtest/cmake)
[4.122s] -- Found gtest sources under '/opt/ros/humble/src/gtest_vendor': C++ tests using 'Google Test' will be built
[4.277s] -- Added test 'cppcheck' to perform static code analysis on C / C++ code
[4.277s] -- Configured cppcheck include dirs: /home/valerio/RTW_my_workspace/src/my_cool_robot_control_package/include
[4.278s] -- Configured cppcheck exclude dirs and/or files: 
[4.283s] -- Added test 'lint_cmake' to check CMake code style
[4.300s] -- Added test 'uncrustify' to check C / C++ code style
[4.300s] -- Configured uncrustify additional arguments: 
[4.302s] -- Added test 'xmllint' to check XML markup files
[4.420s] -- Configuring done
[4.809s] -- Generating done
[4.814s] -- Build files have been written to: /home/valerio/RTW_my_workspace/build/my_cool_robot_control_package
