[0.030s] Invoking command in '/home/valerio/RTW_my_workspace/build/my_cool_robot_controller_package': CMAKE_PREFIX_PATH=${CMAKE_PREFIX_PATH}:/home/valerio/ros2_ws/install/my_robot_controller:/home/valerio/ws_moveit/install/moveit_configs_utils:/opt/ros/humble PS1=\[\e]0;$(parse_ros_workspace)\a\]\[\e[1;32m\]\u\[\[\e[0;37m\]@\[\[\e[0;33m\]\h\[\[\e[1;33m\]${text}\[\[\e[0;37m\]:\[$(set_ros_workspace_color)\]$(parse_ros_workspace)\[\[\e[0;32m\]$(parse_git_bracket)\[$(set_git_color)\]$(get_gitbranch)\[\e[0;32m\]>\[\e[1;35m\]\W\[\[\e[1;35m\]$\[\[\e[0m\]\[\e[m\] /usr/bin/cmake /home/valerio/RTW_my_workspace/src/my_cool_robot_controller_package -DCMAKE_INSTALL_PREFIX=/home/valerio/RTW_my_workspace/install/my_cool_robot_controller_package
[0.207s] -- The C compiler identification is GNU 11.4.0
[0.207s] -- The CXX compiler identification is GNU 11.4.0
[0.207s] -- Detecting C compiler ABI info
[0.207s] -- Detecting C compiler ABI info - done
[0.207s] -- Check for working C compiler: /usr/bin/cc - skipped
[0.207s] -- Detecting C compile features
[0.207s] -- Detecting C compile features - done
[0.207s] -- Detecting CXX compiler ABI info
[0.207s] [33mCMake Warning (dev) in CMakeLists.txt:
[0.207s]   No project() command is present.  The top-level CMakeLists.txt file must
[0.207s]   contain a literal, direct call to the project() command.  Add a line of
[0.207s]   code such as
[0.207s] 
[0.207s]     project(ProjectName)
[0.207s] 
[0.207s]   near the top of the file, but after cmake_minimum_required().
[0.207s] 
[0.207s]   CMake is pretending there is a "project(Project)" command on the first
[0.207s]   line.
[0.208s] This warning is for project developers.  Use -Wno-dev to suppress it.
[0.208s] [0m
[0.263s] -- Detecting CXX compiler ABI info - done
[0.268s] -- Check for working CXX compiler: /usr/bin/c++ - skipped
[0.268s] -- Detecting CXX compile features
[0.268s] -- Detecting CXX compile features - done
[0.269s] [31mCMake Error at CMakeLists.txt:2 (generate_parameter_library):
[0.269s]   Unknown CMake command "generate_parameter_library".
[0.269s] 
[0.269s] [0m
[0.269s] [33mCMake Warning (dev) in CMakeLists.txt:
[0.269s]   No cmake_minimum_required command is present.  A line of code such as
[0.269s] 
[0.269s]     cmake_minimum_required(VERSION 3.22)
[0.269s] 
[0.269s]   should be added at the top of the file.  The version specified may be lower
[0.269s]   if you wish to support older CMake versions for this project.  For more
[0.269s]   information run "cmake --help-policy CMP0000".
[0.269s] This warning is for project developers.  Use -Wno-dev to suppress it.
[0.269s] [0m
[0.269s] -- Configuring incomplete, errors occurred!
[0.269s] See also "/home/valerio/RTW_my_workspace/build/my_cool_robot_controller_package/CMakeFiles/CMakeOutput.log".
[0.271s] Invoked command in '/home/valerio/RTW_my_workspace/build/my_cool_robot_controller_package' returned '1': CMAKE_PREFIX_PATH=${CMAKE_PREFIX_PATH}:/home/valerio/ros2_ws/install/my_robot_controller:/home/valerio/ws_moveit/install/moveit_configs_utils:/opt/ros/humble PS1=\[\e]0;$(parse_ros_workspace)\a\]\[\e[1;32m\]\u\[\[\e[0;37m\]@\[\[\e[0;33m\]\h\[\[\e[1;33m\]${text}\[\[\e[0;37m\]:\[$(set_ros_workspace_color)\]$(parse_ros_workspace)\[\[\e[0;32m\]$(parse_git_bracket)\[$(set_git_color)\]$(get_gitbranch)\[\e[0;32m\]>\[\e[1;35m\]\W\[\[\e[1;35m\]$\[\[\e[0m\]\[\e[m\] /usr/bin/cmake /home/valerio/RTW_my_workspace/src/my_cool_robot_controller_package -DCMAKE_INSTALL_PREFIX=/home/valerio/RTW_my_workspace/install/my_cool_robot_controller_package
